BLOCK00/SES002/SA002S12	SES002	1.59184	20.6754	19.0836
BLOCK00/SES002/SA002S13	SES002	1.96021	20.2433	18.2831
BLOCK00/SES002/SA002S23	SES002	1.2226	19.8965	18.6739
BLOCK00/SES002/SA002S26	SES002	1.5598	20.7846	19.2248
BLOCK00/SES002/SA002S28	SES002	1.21148	19.3888	18.1774
BLOCK00/SES007/SA007S14	SES007	1.15184	19.9549	18.803
BLOCK00/SES007/SA007S15	SES007	0.620958	18.5689	17.9479
BLOCK00/SES007/SA007S24	SES007	1.19799	18.8296	17.6316
BLOCK00/SES007/SA007S27	SES007	0.80077	17.7479	16.9471
BLOCK00/SES007/SA007S29	SES007	0.605766	19.1601	18.5543
BLOCK00/SES008/SA008S11	SES008	1.4803	18.4596	16.9792
BLOCK00/SES008/SA008S12	SES008	0.652525	17.4794	16.8268
BLOCK00/SES008/SA008S19	SES008	1.72899	19.3449	17.6159
BLOCK00/SES008/SA008S22	SES008	0.700943	16.4596	15.7587
BLOCK00/SES008/SA008S29	SES008	1.60889	18.2078	16.599
BLOCK01/SES014/SA014S10	SES014	3.63553	20.5684	16.9329
BLOCK01/SES014/SA014S12	SES014	3.39019	20.9904	17.6003
BLOCK01/SES014/SA014S24	SES014	2.13492	19.9317	17.7968
BLOCK01/SES014/SA014S26	SES014	3.42592	22.8397	19.4138
BLOCK01/SES014/SA014S28	SES014	3.5342	21.9953	18.4611
BLOCK01/SES016/SA016S12	SES016	1.56839	18.1561	16.5877
BLOCK01/SES016/SA016S13	SES016	1.89636	19.4038	17.5074
BLOCK01/SES016/SA016S22	SES016	1.52838	19.4588	17.9304
BLOCK01/SES016/SA016S25	SES016	1.96465	21.5258	19.5611
BLOCK01/SES016/SA016S27	SES016	1.67135	21.606	19.9346
BLOCK01/SES019/SA019S13	SES019	2.98472	19.8975	16.9128
BLOCK01/SES019/SA019S14	SES019	2.32018	19.8432	17.5231
BLOCK01/SES019/SA019S22	SES019	2.38504	19.648	17.263
BLOCK01/SES019/SA019S25	SES019	2.31611	20.809	18.4929
BLOCK01/SES019/SA019S29	SES019	3.13731	21.455	18.3177
BLOCK02/SES029/SA029S11	SES029	1.41023	19.6163	18.206
BLOCK02/SES029/SA029S12	SES029	0.956163	19.5765	18.6204
BLOCK02/SES029/SA029S20	SES029	1.22996	18.7488	17.5188
BLOCK02/SES029/SA029S25	SES029	1.30433	19.5989	18.2946
BLOCK02/SES029/SA029S28	SES029	0.767462	19.062	18.2945
BLOCK04/SES042/SA042S12	SES042	1.87691	19.9906	18.1137
BLOCK04/SES042/SA042S15	SES042	1.54802	20.8515	19.3034
BLOCK04/SES042/SA042S22	SES042	2.18699	22.2696	20.0826
BLOCK04/SES042/SA042S25	SES042	1.63964	20.0125	18.3728
BLOCK04/SES042/SA042S27	SES042	1.39963	20.3287	18.929
BLOCK04/SES048/SA048S11	SES048	1.30765	19.5931	18.2855
BLOCK04/SES048/SA048S12	SES048	0.79981	19.0448	18.245
BLOCK04/SES048/SA048S20	SES048	0.430746	19.9863	19.5556
BLOCK04/SES048/SA048S23	SES048	1.72651	19.1835	17.457
BLOCK04/SES048/SA048S27	SES048	0.969584	20.3864	19.4169
BLOCK06/SES060/SA060S11	SES060	1.65774	20.2626	18.6048
BLOCK06/SES060/SA060S12	SES060	0.912033	18.9792	18.0672
BLOCK06/SES060/SA060S22	SES060	0.634409	18.5848	17.9504
BLOCK06/SES060/SA060S24	SES060	1.27376	20.2564	18.9826
BLOCK06/SES060/SA060S28	SES060	1.56108	22.1962	20.6351
BLOCK06/SES062/SA062S10	SES062	1.002	21.6213	20.6193
BLOCK06/SES062/SA062S11	SES062	1.11434	20.5907	19.4764
BLOCK06/SES062/SA062S21	SES062	1.68678	22.6302	20.9434
BLOCK06/SES062/SA062S26	SES062	1.24123	21.4181	20.1769
BLOCK06/SES062/SA062S29	SES062	1.39801	21.0627	19.6647
BLOCK06/SES068/SA068S14	SES068	0.61825	19.608	18.9897
BLOCK06/SES068/SA068S15	SES068	1.4792	21.2363	19.7571
BLOCK06/SES068/SA068S23	SES068	1.47359	21.104	19.6305
BLOCK06/SES068/SA068S27	SES068	1.90914	21.4224	19.5133
BLOCK06/SES068/SA068S29	SES068	0.969128	20.3556	19.3865
BLOCK08/SES082/SA082S12	SES082	0.812733	19.3955	18.5827
BLOCK08/SES082/SA082S14	SES082	1.23793	19.0973	17.8594
BLOCK08/SES082/SA082S21	SES082	0.875166	20.2476	19.3724
BLOCK08/SES082/SA082S24	SES082	0.896437	20.6401	19.7437
BLOCK08/SES082/SA082S28	SES082	0.916132	18.7325	17.8163
BLOCK08/SES083/SA083S14	SES083	0.407766	19.0246	18.6168
BLOCK08/SES083/SA083S15	SES083	0.599617	20.7142	20.1146
BLOCK08/SES083/SA083S24	SES083	0.47262	18.5788	18.1061
BLOCK08/SES083/SA083S26	SES083	0.99292	19.6399	18.6469
BLOCK08/SES083/SA083S29	SES083	0.573565	20.1001	19.5265
BLOCK08/SES085/SA085S10	SES085	1.06352	20.6874	19.6239
BLOCK08/SES085/SA085S13	SES085	0.777241	19.1489	18.3717
BLOCK08/SES085/SA085S22	SES085	0.979439	20.2085	19.229
BLOCK08/SES085/SA085S26	SES085	1.06242	20.029	18.9666
BLOCK08/SES085/SA085S28	SES085	1.25659	19.635	18.3784
BLOCK08/SES087/SA087S15	SES087	1.68187	19.3354	17.6535
BLOCK08/SES087/SA087S16	SES087	2.054	19.8444	17.7904
BLOCK08/SES087/SA087S24	SES087	1.54128	20.1655	18.6242
BLOCK08/SES087/SA087S26	SES087	1.61976	20.8603	19.2405
BLOCK08/SES087/SA087S29	SES087	1.87365	19.8643	17.9906
BLOCK09/SES099/SA099S15	SES099	1.65381	18.9285	17.2747
BLOCK09/SES099/SA099S16	SES099	1.68187	19.139	17.4572
BLOCK09/SES099/SA099S24	SES099	1.3112	19.5763	18.2651
BLOCK09/SES099/SA099S26	SES099	1.62024	19.7817	18.1615
BLOCK09/SES099/SA099S29	SES099	1.57931	19.5372	17.9579
BLOCK10/SES101/SA101S11	SES101	0.331125	19.6855	19.3544
BLOCK10/SES101/SA101S13	SES101	0.744303	21.5405	20.7962
BLOCK10/SES101/SA101S22	SES101	1.10462	19.4314	18.3268
BLOCK10/SES101/SA101S24	SES101	0.895359	21.3457	20.4503
BLOCK10/SES101/SA101S28	SES101	0.392345	18.4232	18.0308
BLOCK10/SES104/SA104S11	SES104	1.36392	21.7078	20.3439
BLOCK10/SES104/SA104S12	SES104	1.17246	20.4908	19.3184
BLOCK10/SES104/SA104S21	SES104	1.29267	20.0115	18.7189
BLOCK10/SES104/SA104S24	SES104	1.20755	20.256	19.0484
BLOCK10/SES104/SA104S28	SES104	1.41904	20.7331	19.314
BLOCK10/SES105/SA105S12	SES105	1.04607	18.5195	17.4734
BLOCK10/SES105/SA105S13	SES105	1.33868	19.0839	17.7452
BLOCK10/SES105/SA105S22	SES105	0.74675	19.3626	18.6158
BLOCK10/SES105/SA105S26	SES105	1.29353	19.8036	18.5101
BLOCK10/SES105/SA105S29	SES105	1.02986	18.604	17.5741
BLOCK10/SES106/SA106S09	SES106	0.755268	18.8211	18.0659
BLOCK10/SES106/SA106S11	SES106	1.22025	20.2878	19.0676
BLOCK10/SES106/SA106S22	SES106	2.7411	20.2034	17.4622
BLOCK10/SES106/SA106S27	SES106	1.05123	19.0693	18.0181
BLOCK10/SES106/SA106S29	SES106	0.748571	18.9729	18.2243
BLOCK11/SES117/SA117S12	SES117	1.16734	18.9433	17.776
BLOCK11/SES117/SA117S13	SES117	1.5359	19.5556	18.0197
BLOCK11/SES117/SA117S23	SES117	2.1423	16.4192	14.2769
BLOCK11/SES117/SA117S25	SES117	1.4949	16.7814	15.2865
BLOCK11/SES117/SA117S28	SES117	2.04525	17.4491	15.4038
BLOCK12/SES120/SA120S08	SES120	0.863022	18.904	18.041
BLOCK12/SES120/SA120S11	SES120	0.728865	17.692	16.9631
BLOCK12/SES120/SA120S22	SES120	0.401642	19.321	18.9194
BLOCK12/SES120/SA120S24	SES120	0.899128	19.6372	18.7381
BLOCK12/SES120/SA120S28	SES120	1.0661	17.7414	16.6753
BLOCK12/SES125/SA125S13	SES125	1.65975	19.2849	17.6251
BLOCK12/SES125/SA125S14	SES125	0.995281	18.9841	17.9888
BLOCK12/SES125/SA125S25	SES125	1.69307	19.9014	18.2084
BLOCK12/SES125/SA125S27	SES125	1.55236	20.837	19.2846
BLOCK12/SES125/SA125S29	SES125	1.52986	19.827	18.2971
BLOCK12/SES127/SA127S11	SES127	0.960781	19.8616	18.9008
BLOCK12/SES127/SA127S12	SES127	0.0711594	20.3512	20.2801
BLOCK12/SES127/SA127S23	SES127	0.5075	18.541	18.0335
BLOCK12/SES127/SA127S25	SES127	0.584393	18.6298	18.0454
BLOCK12/SES127/SA127S27	SES127	1.12379	18.6362	17.5124
BLOCK12/SES129/SA129S11	SES129	1.03227	22.2864	21.2541
BLOCK12/SES129/SA129S12	SES129	0.971582	20.0485	19.0769
BLOCK12/SES129/SA129S22	SES129	0.910414	18.826	17.9156
BLOCK12/SES129/SA129S27	SES129	1.41971	20.3888	18.9691
BLOCK12/SES129/SA129S29	SES129	1.31623	21.0248	19.7086
BLOCK14/SES142/SA142S11	SES142	2.86886	18.5167	15.6479
BLOCK14/SES142/SA142S12	SES142	1.75567	18.7613	17.0056
BLOCK14/SES142/SA142S24	SES142	2.37689	19.4136	17.0368
BLOCK14/SES142/SA142S27	SES142	2.42283	20.0369	17.6141
BLOCK14/SES142/SA142S29	SES142	2.33001	19.0131	16.6831
BLOCK14/SES143/SA143S12	SES143	1.58507	17.9994	16.4144
BLOCK14/SES143/SA143S13	SES143	1.3376	17.6618	16.3242
BLOCK14/SES143/SA143S23	SES143	2.17636	18.008	15.8316
BLOCK14/SES143/SA143S25	SES143	2.17916	19.0073	16.8281
BLOCK14/SES143/SA143S28	SES143	1.81736	18.9785	17.1612
BLOCK14/SES144/SA144S09	SES144	1.92969	19.295	17.3653
BLOCK14/SES144/SA144S11	SES144	1.71916	18.3346	16.6155
BLOCK14/SES144/SA144S21	SES144	0.686987	16.7531	16.0661
BLOCK14/SES144/SA144S25	SES144	1.49814	18.3523	16.8541
BLOCK14/SES144/SA144S29	SES144	1.65415	18.108	16.4538
BLOCK14/SES146/SA146S14	SES146	1.19959	17.0473	15.8477
BLOCK14/SES146/SA146S15	SES146	1.51838	18.0926	16.5742
BLOCK14/SES146/SA146S24	SES146	1.48657	17.93	16.4435
BLOCK14/SES146/SA146S26	SES146	1.7729	19.0506	17.2777
BLOCK14/SES146/SA146S29	SES146	1.23647	17.1031	15.8666
BLOCK14/SES147/SA147S11	SES147	2.45437	17.7821	15.3277
BLOCK14/SES147/SA147S13	SES147	2.79734	19.6344	16.8371
BLOCK14/SES147/SA147S23	SES147	1.45875	17.3798	15.921
BLOCK14/SES147/SA147S26	SES147	1.83993	17.7423	15.9024
BLOCK14/SES147/SA147S28	SES147	1.555	18.1346	16.5796
BLOCK14/SES148/SA148S10	SES148	1.23321	18.6913	17.4581
BLOCK14/SES148/SA148S12	SES148	1.15885	18.8689	17.7101
BLOCK14/SES148/SA148S22	SES148	1.02909	19.9117	18.8826
BLOCK14/SES148/SA148S26	SES148	1.03535	18.8748	17.8394
BLOCK14/SES148/SA148S29	SES148	1.02914	18.9296	17.9005
BLOCK14/SES149/SA149S13	SES149	0.511242	19.4304	18.9191
BLOCK14/SES149/SA149S14	SES149	0.621504	19.5239	18.9024
BLOCK14/SES149/SA149S24	SES149	1.24228	20.2733	19.031
BLOCK14/SES149/SA149S26	SES149	1.62225	21.2904	19.6682
BLOCK14/SES149/SA149S28	SES149	1.31003	20.4051	19.0951
BLOCK15/SES158/SA158S13	SES158	1.06947	19.4109	18.3414
BLOCK15/SES158/SA158S14	SES158	1.46359	19.5747	18.1111
BLOCK15/SES158/SA158S23	SES158	1.03288	19.1726	18.1397
BLOCK15/SES158/SA158S26	SES158	1.59334	19.1621	17.5688
BLOCK15/SES158/SA158S28	SES158	1.03926	19.6645	18.6253
BLOCK16/SES162/SA162S10	SES162	0.790705	19.2385	18.4478
BLOCK16/SES162/SA162S11	SES162	0.911949	19.316	18.404
BLOCK16/SES162/SA162S21	SES162	1.5706	19.0133	17.4427
BLOCK16/SES162/SA162S24	SES162	1.05191	19.0659	18.014
BLOCK16/SES162/SA162S27	SES162	1.26101	19.4436	18.1826
BLOCK16/SES167/SA167S14	SES167	2.34114	19.6818	17.3407
BLOCK16/SES167/SA167S15	SES167	2.96082	19.5325	16.5717
BLOCK16/SES167/SA167S21	SES167	2.88568	19.916	17.0303
BLOCK16/SES167/SA167S25	SES167	3.52367	20.1505	16.6269
BLOCK16/SES167/SA167S29	SES167	3.80476	20.9763	17.1715
BLOCK17/SES172/SA172S12	SES172	0.908295	19.8951	18.9868
BLOCK17/SES172/SA172S13	SES172	0.90723	17.7837	16.8765
BLOCK17/SES172/SA172S23	SES172	0.982143	19.0693	18.0872
BLOCK17/SES172/SA172S27	SES172	0.99407	19.4834	18.4893
BLOCK17/SES172/SA172S29	SES172	1.24696	19.1325	17.8855
BLOCK17/SES175/SA175S11	SES175	1.26729	20.8944	19.6271
BLOCK17/SES175/SA175S13	SES175	1.08172	21.3346	20.2528
BLOCK17/SES175/SA175S23	SES175	1.4985	21.5153	20.0168
BLOCK17/SES175/SA175S25	SES175	0.948393	19.6731	18.7247
BLOCK17/SES175/SA175S28	SES175	1.48644	21.6858	20.1994
BLOCK17/SES177/SA177S15	SES177	0.539991	18.3901	17.8501
BLOCK17/SES177/SA177S17	SES177	0.46497	19.1861	18.7211
BLOCK17/SES177/SA177S23	SES177	0.379683	19.4714	19.0917
BLOCK17/SES177/SA177S26	SES177	0.745312	20.1063	19.361
BLOCK17/SES177/SA177S28	SES177	0.78429	20.3275	19.5432
BLOCK18/SES180/SA180S13	SES180	0.753855	18.2242	17.4704
BLOCK18/SES180/SA180S15	SES180	1.23807	19.4537	18.2156
BLOCK18/SES180/SA180S24	SES180	0.913237	19.7065	18.7933
BLOCK18/SES180/SA180S26	SES180	1.42254	20.1314	18.7088
BLOCK18/SES180/SA180S29	SES180	1.12776	19.1488	18.021
BLOCK18/SES183/SA183S13	SES183	1.58465	17.9536	16.3689
BLOCK18/SES183/SA183S14	SES183	1.36854	18.1098	16.7412
BLOCK18/SES183/SA183S24	SES183	2.06976	17.4768	15.4071
BLOCK18/SES183/SA183S27	SES183	1.5162	17.3707	15.8545
BLOCK18/SES183/SA183S29	SES183	1.11965	17.9782	16.8586
BLOCK18/SES187/SA187S13	SES187	1.54796	20.1231	18.5751
BLOCK18/SES187/SA187S14	SES187	1.59249	19.2642	17.6717
BLOCK18/SES187/SA187S24	SES187	1.37443	19.0737	17.6993
BLOCK18/SES187/SA187S27	SES187	1.74242	19.3302	17.5878
BLOCK18/SES187/SA187S29	SES187	1.40325	20.1169	18.7136
BLOCK18/SES189/SA189S10	SES189	2.3063	18.8735	16.5672
BLOCK18/SES189/SA189S13	SES189	3.31232	18.8113	15.499
BLOCK18/SES189/SA189S24	SES189	3.5423	18.6686	15.1263
BLOCK18/SES189/SA189S26	SES189	2.13742	19.5727	17.4353
BLOCK18/SES189/SA189S29	SES189	2.91798	18.4841	15.5661
BLOCK20/SES202/SA202S12	SES202	1.36404	17.3431	15.9791
BLOCK20/SES202/SA202S14	SES202	2.42672	18.4824	16.0557
BLOCK20/SES202/SA202S24	SES202	1.50637	18.6619	17.1556
BLOCK20/SES202/SA202S27	SES202	1.48153	19.1836	17.7021
BLOCK20/SES202/SA202S29	SES202	1.52841	19.3926	17.8642
BLOCK20/SES206/SA206S15	SES206	0.177893	19.4546	19.2767
BLOCK20/SES206/SA206S17	SES206	1.74976	22.4253	20.6756
BLOCK20/SES206/SA206S24	SES206	1.55193	21.8359	20.284
BLOCK20/SES206/SA206S27	SES206	1.55486	20.5858	19.0309
BLOCK20/SES206/SA206S29	SES206	1.26691	22.3754	21.1085
BLOCK22/SES226/SA226S12	SES226	0.921705	20.9567	20.035
BLOCK22/SES226/SA226S13	SES226	0.298872	17.8962	17.5974
BLOCK22/SES226/SA226S20	SES226	1.3078	20.9029	19.5951
BLOCK22/SES226/SA226S23	SES226	1.26711	20.0746	18.8075
BLOCK22/SES226/SA226S28	SES226	1.3884	20.3807	18.9923
BLOCK25/SES259/SA259S13	SES259	2.14793	21.7836	19.6357
BLOCK25/SES259/SA259S14	SES259	1.25322	20.7105	19.4573
BLOCK25/SES259/SA259S22	SES259	1.11154	20.3698	19.2583
BLOCK25/SES259/SA259S24	SES259	1.29265	21.6333	20.3407
BLOCK25/SES259/SA259S28	SES259	1.42427	21.0851	19.6608
BLOCK27/SES270/SA270S14	SES270	1.6918	19.2863	17.5945
BLOCK27/SES270/SA270S16	SES270	0.448158	18.8624	18.4143
BLOCK27/SES270/SA270S22	SES270	1.75239	21.3166	19.5642
BLOCK27/SES270/SA270S26	SES270	1.13218	18.8573	17.7252
BLOCK27/SES270/SA270S28	SES270	1.30771	19.321	18.0133
BLOCK27/SES275/SA275S17	SES275	1.94732	19.2905	17.3431
BLOCK27/SES275/SA275S18	SES275	1.17088	18.1365	16.9657
BLOCK27/SES275/SA275S24	SES275	1.14378	18.3629	17.2192
BLOCK27/SES275/SA275S26	SES275	1.49304	18.7223	17.2293
BLOCK27/SES275/SA275S28	SES275	1.01978	19.0283	18.0085
BLOCK29/SES292/SA292S10	SES292	0.959696	19.1244	18.1648
BLOCK29/SES292/SA292S12	SES292	1.03135	18.8794	17.8481
BLOCK29/SES292/SA292S22	SES292	0.649399	19.1741	18.5247
BLOCK29/SES292/SA292S24	SES292	0.687929	19.0448	18.3568
BLOCK29/SES292/SA292S27	SES292	0.526642	19.178	18.6513
BLOCK00/SES001/SA001S14	SES062	-2.14567	15.0467	17.1923
BLOCK00/SES001/SA001S14	SES082	-2.33754	14.8548	17.1923
BLOCK00/SES001/SA001S14	SES106	-2.24941	14.9429	17.1923
BLOCK00/SES001/SA001S14	SES206	-1.55362	15.6387	17.1923
BLOCK00/SES001/SA001S15	SES062	-2.39816	16.3664	18.7646
BLOCK00/SES001/SA001S15	SES104	-2.86388	15.9007	18.7646
BLOCK00/SES001/SA001S15	SES106	-1.94997	16.8146	18.7646
BLOCK00/SES001/SA001S15	SES206	-1.06839	17.6962	18.7646
BLOCK00/SES001/SA001S24	SES062	-2.24551	15.4049	17.6504
BLOCK00/SES001/SA001S24	SES082	-1.91414	15.7362	17.6504
BLOCK00/SES001/SA001S24	SES087	-1.06579	16.5846	17.6504
BLOCK00/SES001/SA001S24	SES206	-1.19396	16.4564	17.6504
BLOCK00/SES001/SA001S27	SES062	-1.66677	17.5826	19.2494
BLOCK00/SES001/SA001S27	SES082	-1.86005	17.3893	19.2494
BLOCK00/SES001/SA001S27	SES087	-1.07876	18.1706	19.2494
BLOCK00/SES001/SA001S27	SES206	-0.96026	18.2891	19.2494
BLOCK00/SES001/SA001S29	SES062	-2.69273	14.6326	17.3254
BLOCK00/SES001/SA001S29	SES082	-1.32231	16.0031	17.3254
BLOCK00/SES001/SA001S29	SES158	-1.70701	15.6184	17.3254
BLOCK00/SES001/SA001S29	SES206	-1.24319	16.0822	17.3254
BLOCK00/SES003/SA003S11	SES002	-0.688471	16.7108	17.3992
BLOCK00/SES003/SA003S11	SES019	-1.03886	16.3604	17.3992
BLOCK00/SES003/SA003S11	SES082	-0.902603	16.4966	17.3992
BLOCK00/SES003/SA003S11	SES125	-2.46533	14.9339	17.3992
BLOCK00/SES003/SA003S15	SES016	-1.46602	17.1433	18.6093
BLOCK00/SES003/SA003S15	SES019	-0.635429	17.9739	18.6093
BLOCK00/SES003/SA003S15	SES062	-2.38054	16.2288	18.6093
BLOCK00/SES003/SA003S15	SES206	-0.911898	17.6974	18.6093
BLOCK00/SES003/SA003S22	SES002	-1.54999	16.1416	17.6916
BLOCK00/SES003/SA003S22	SES062	-1.59887	16.0927	17.6916
BLOCK00/SES003/SA003S22	SES082	-1.68972	16.0019	17.6916
BLOCK00/SES003/SA003S22	SES087	-0.935099	16.7565	17.6916
BLOCK00/SES003/SA003S25	SES062	-2.30265	15.201	17.5036
BLOCK00/SES003/SA003S25	SES082	-1.35215	16.1515	17.5036
BLOCK00/SES003/SA003S25	SES087	-0.863886	16.6398	17.5036
BLOCK00/SES003/SA003S25	SES206	-1.55484	15.9488	17.5036
BLOCK00/SES003/SA003S29	SES002	-1.09842	16.1438	17.2422
BLOCK00/SES003/SA003S29	SES062	-2.69163	14.5506	17.2422
BLOCK00/SES003/SA003S29	SES082	-1.39957	15.8426	17.2422
BLOCK00/SES003/SA003S29	SES087	-1.40047	15.8417	17.2422
BLOCK00/SES004/SA004S12	SES083	-1.71025	16.3253	18.0355
BLOCK00/SES004/SA004S12	SES148	-1.54383	16.4917	18.0355
BLOCK00/SES004/SA004S12	SES172	-0.801031	17.2345	18.0355
BLOCK00/SES004/SA004S12	SES292	-0.782639	17.2529	18.0355
BLOCK00/SES004/SA004S17	SES083	-1.6191	16.3166	17.9357
BLOCK00/SES004/SA004S17	SES162	-0.61179	17.3239	17.9357
BLOCK00/SES004/SA004S17	SES172	-0.930792	17.0049	17.9357
BLOCK00/SES004/SA004S17	SES292	-1.21554	16.7201	17.9357
BLOCK00/SES004/SA004S24	SES083	-1.77259	15.8649	17.6375
BLOCK00/SES004/SA004S24	SES148	-1.64635	15.9912	17.6375
BLOCK00/SES004/SA004S24	SES172	-0.807426	16.8301	17.6375
BLOCK00/SES004/SA004S24	SES292	-0.657621	16.9799	17.6375
BLOCK00/SES004/SA004S26	SES083	-1.69623	16.0882	17.7844
BLOCK00/SES004/SA004S26	SES127	-1.67767	16.1067	17.7844
BLOCK00/SES004/SA004S26	SES148	-2.25421	15.5302	17.7844
BLOCK00/SES004/SA004S26	SES292	-0.768738	17.0156	17.7844
BLOCK00/SES004/SA004S28	SES083	-1.23896	16.3755	17.6145
BLOCK00/SES004/SA004S28	SES127	-1.35071	16.2638	17.6145
BLOCK00/SES004/SA004S28	SES187	-0.694069	16.9204	17.6145
BLOCK00/SES004/SA004S28	SES292	-1.05482	16.5597	17.6145
BLOCK00/SES006/SA006S10	SES014	-2.29981	12.1358	14.4356
BLOCK00/SES006/SA006S10	SES158	-0.913945	13.5217	14.4356
BLOCK00/SES006/SA006S10	SES226	-2.88251	11.5531	14.4356
BLOCK00/SES006/SA006S10	SES270	-0.798251	13.6374	14.4356
BLOCK00/SES006/SA006S11	SES158	-1.42354	12.7015	14.1251
BLOCK00/SES006/SA006S11	SES226	-1.98297	12.1421	14.1251
BLOCK00/SES006/SA006S11	SES270	-0.870102	13.2549	14.1251
BLOCK00/SES006/SA006S11	SES275	-2.18612	11.9389	14.1251
BLOCK00/SES006/SA006S23	SES062	-2.71118	12.859	15.5702
BLOCK00/SES006/SA006S23	SES105	-3.32521	12.245	15.5702
BLOCK00/SES006/SA006S23	SES158	-1.13318	14.437	15.5702
BLOCK00/SES006/SA006S23	SES275	-2.40676	13.1634	15.5702
BLOCK00/SES006/SA006S26	SES104	-2.50416	13.527	16.0311
BLOCK00/SES006/SA006S26	SES158	-1.11076	14.9204	16.0311
BLOCK00/SES006/SA006S26	SES270	-0.640269	15.3909	16.0311
BLOCK00/SES006/SA006S26	SES275	-2.42257	13.6086	16.0311
BLOCK00/SES006/SA006S28	SES007	-2.17622	12.1426	14.3188
BLOCK00/SES006/SA006S28	SES105	-2.98834	11.3305	14.3188
BLOCK00/SES006/SA006S28	SES158	-1.40527	12.9136	14.3188
BLOCK00/SES006/SA006S28	SES275	-1.93724	12.3816	14.3188
BLOCK00/SES009/SA009S12	SES083	-2.09346	16.4053	18.4988
BLOCK00/SES009/SA009S12	SES148	-1.92562	16.5731	18.4988
BLOCK00/SES009/SA009S12	SES177	-0.945536	17.5532	18.4988
BLOCK00/SES009/SA009S12	SES292	-1.45764	17.0411	18.4988
BLOCK00/SES009/SA009S15	SES007	0.100853	19.8433	19.7424
BLOCK00/SES009/SA009S15	SES099	-2.38358	17.3588	19.7424
BLOCK00/SES009/SA009S15	SES148	-2.66371	17.0787	19.7424
BLOCK00/SES009/SA009S15	SES172	-0.310184	19.4322	19.7424
BLOCK00/SES009/SA009S24	SES146	-1.12795	17.3451	18.473
BLOCK00/SES009/SA009S24	SES148	-2.05667	16.4163	18.473
BLOCK00/SES009/SA009S24	SES177	-0.530966	17.9421	18.473
BLOCK00/SES009/SA009S24	SES292	-1.27715	17.1959	18.473
BLOCK00/SES009/SA009S26	SES083	-2.19244	15.3549	17.5474
BLOCK00/SES009/SA009S26	SES101	-1.36841	16.1789	17.5474
BLOCK00/SES009/SA009S26	SES120	-1.71071	15.8366	17.5474
BLOCK00/SES009/SA009S26	SES177	-0.750067	16.7973	17.5474
BLOCK00/SES009/SA009S29	SES083	-1.84823	16.8878	18.7361
BLOCK00/SES009/SA009S29	SES101	-0.795717	17.9404	18.7361
BLOCK00/SES009/SA009S29	SES177	-0.416033	18.32	18.7361
BLOCK00/SES009/SA009S29	SES292	-1.33419	17.4019	18.7361
BLOCK01/SES011/SA011S10	SES019	-1.0275	17.615	18.6426
BLOCK01/SES011/SA011S10	SES042	-0.724926	17.9176	18.6426
BLOCK01/SES011/SA011S10	SES082	-1.69253	16.95	18.6426
BLOCK01/SES011/SA011S10	SES206	-0.727551	17.915	18.6426
BLOCK01/SES011/SA011S11	SES019	-1.07389	17.1338	18.2077
BLOCK01/SES011/SA011S11	SES042	-0.845776	17.362	18.2077
BLOCK01/SES011/SA011S11	SES082	-1.28319	16.9245	18.2077
BLOCK01/SES011/SA011S11	SES206	-0.535915	17.6718	18.2077
BLOCK01/SES011/SA011S22	SES019	-0.864771	17.4603	18.325
BLOCK01/SES011/SA011S22	SES042	-0.893122	17.4319	18.325
BLOCK01/SES011/SA011S22	SES082	-1.1126	17.2124	18.325
BLOCK01/SES011/SA011S22	SES206	-0.65789	17.6672	18.325
BLOCK01/SES011/SA011S24	SES019	-1.19898	16.9639	18.1629
BLOCK01/SES011/SA011S24	SES042	-0.255341	17.9076	18.1629
BLOCK01/SES011/SA011S24	SES104	-1.7142	16.4487	18.1629
BLOCK01/SES011/SA011S24	SES206	-0.703377	17.4595	18.1629
BLOCK01/SES011/SA011S27	SES082	-0.32518	16.9502	17.2753
BLOCK01/SES011/SA011S27	SES087	-1.78141	15.4939	17.2753
BLOCK01/SES011/SA011S27	SES125	-1.09018	16.1852	17.2753
BLOCK01/SES011/SA011S27	SES206	-0.420092	16.8552	17.2753
BLOCK01/SES012/SA012S11	SES007	-0.576532	19.878	20.4545
BLOCK01/SES012/SA012S11	SES082	-0.87182	19.5827	20.4545
BLOCK01/SES012/SA012S11	SES083	-0.969038	19.4854	20.4545
BLOCK01/SES012/SA012S11	SES206	-1.61604	18.8384	20.4545
BLOCK01/SES012/SA012S14	SES082	-0.527788	19.8084	20.3362
BLOCK01/SES012/SA012S14	SES087	-3.95095	16.3852	20.3362
BLOCK01/SES012/SA012S14	SES206	-1.24259	19.0936	20.3362
BLOCK01/SES012/SA012S14	SES292	-1.37209	18.9641	20.3362
BLOCK01/SES012/SA012S24	SES082	-0.291794	18.0971	18.3889
BLOCK01/SES012/SA012S24	SES087	-2.33945	16.0495	18.3889
BLOCK01/SES012/SA012S24	SES120	-1.59414	16.7948	18.3889
BLOCK01/SES012/SA012S24	SES206	-0.561295	17.8276	18.3889
BLOCK01/SES012/SA012S26	SES019	-4.59326	15.3481	19.9414
BLOCK01/SES012/SA012S26	SES082	-1.11193	18.8294	19.9414
BLOCK01/SES012/SA012S26	SES206	-0.663061	19.2783	19.9414
BLOCK01/SES012/SA012S26	SES292	-1.24176	18.6996	19.9414
BLOCK01/SES012/SA012S29	SES062	-0.840717	19.6415	20.4823
BLOCK01/SES012/SA012S29	SES082	-0.653044	19.8292	20.4823
BLOCK01/SES012/SA012S29	SES083	-1.70485	18.7774	20.4823
BLOCK01/SES012/SA012S29	SES206	-0.995176	19.4871	20.4823
BLOCK01/SES013/SA013S16	SES062	-3.97792	11.7889	15.7669
BLOCK01/SES013/SA013S16	SES106	-1.42409	14.3428	15.7669
BLOCK01/SES013/SA013S16	SES206	-1.43442	14.3324	15.7669
BLOCK01/SES013/SA013S16	SES226	-1.32046	14.4464	15.7669
BLOCK01/SES013/SA013S17	SES062	-3.29324	14.3073	17.6006
BLOCK01/SES013/SA013S17	SES106	-2.32282	15.2777	17.6006
BLOCK01/SES013/SA013S17	SES206	-0.804132	16.7964	17.6006
BLOCK01/SES013/SA013S17	SES226	-1.18776	16.4128	17.6006
BLOCK01/SES013/SA013S23	SES104	-1.67738	14.3448	16.0222
BLOCK01/SES013/SA013S23	SES106	-1.24996	14.7722	16.0222
BLOCK01/SES013/SA013S23	SES206	-1.03576	14.9864	16.0222
BLOCK01/SES013/SA013S23	SES270	-0.670833	15.3513	16.0222
BLOCK01/SES013/SA013S25	SES042	-0.34618	16.6349	16.9811
BLOCK01/SES013/SA013S25	SES104	-1.13205	15.849	16.9811
BLOCK01/SES013/SA013S25	SES106	-1.51395	15.4671	16.9811
BLOCK01/SES013/SA013S25	SES206	-0.981586	15.9995	16.9811
BLOCK01/SES013/SA013S29	SES062	-4.67183	12.0671	16.7389
BLOCK01/SES013/SA013S29	SES104	-1.81889	14.92	16.7389
BLOCK01/SES013/SA013S29	SES106	-1.73889	15	16.7389
BLOCK01/SES013/SA013S29	SES206	-1.20007	15.5388	16.7389
BLOCK02/SES021/SA021S13	SES016	-2.77919	16.1241	18.9033
BLOCK02/SES021/SA021S13	SES029	-1.87165	17.0317	18.9033
BLOCK02/SES021/SA021S13	SES087	-0.303104	18.6002	18.9033
BLOCK02/SES021/SA021S13	SES206	-1.56955	17.3337	18.9033
BLOCK02/SES021/SA021S15	SES087	-0.490149	18.4854	18.9755
BLOCK02/SES021/SA021S15	SES125	-1.66982	17.3057	18.9755
BLOCK02/SES021/SA021S15	SES206	-0.858147	18.1174	18.9755
BLOCK02/SES021/SA021S15	SES226	-1.71523	17.2603	18.9755
BLOCK02/SES021/SA021S23	SES062	-3.14809	13.6514	16.7995
BLOCK02/SES021/SA021S23	SES087	-0.946721	15.8528	16.7995
BLOCK02/SES021/SA021S23	SES206	-1.32455	15.475	16.7995
BLOCK02/SES021/SA021S23	SES226	-1.98941	14.8101	16.7995
BLOCK02/SES021/SA021S27	SES002	-1.64882	18.1514	19.8002
BLOCK02/SES021/SA021S27	SES016	-2.55604	17.2441	19.8002
BLOCK02/SES021/SA021S27	SES019	-0.831526	18.9686	19.8002
BLOCK02/SES021/SA021S27	SES062	-1.91733	17.8828	19.8002
BLOCK02/SES021/SA021S29	SES087	-1.05508	17.1524	18.2075
BLOCK02/SES021/SA021S29	SES125	-1.5718	16.6357	18.2075
BLOCK02/SES021/SA021S29	SES206	-0.949032	17.2584	18.2075
BLOCK02/SES021/SA021S29	SES226	-1.7806	16.4268	18.2075
BLOCK04/SES043/SA043S09	SES083	-1.05217	15.8084	16.8605
BLOCK04/SES043/SA043S09	SES101	-0.851143	16.0094	16.8605
BLOCK04/SES043/SA043S09	SES144	-1.05864	15.8019	16.8605
BLOCK04/SES043/SA043S09	SES172	-1.21639	15.6442	16.8605
BLOCK04/SES043/SA043S11	SES083	-0.885815	17.1057	17.9915
BLOCK04/SES043/SA043S11	SES101	-0.865395	17.1261	17.9915
BLOCK04/SES043/SA043S11	SES144	-1.12267	16.8689	17.9915
BLOCK04/SES043/SA043S11	SES172	-0.584768	17.4068	17.9915
BLOCK04/SES043/SA043S23	SES083	-0.926741	16.3812	17.3079
BLOCK04/SES043/SA043S23	SES144	-1.12338	16.1845	17.3079
BLOCK04/SES043/SA043S23	SES177	-1.10818	16.1997	17.3079
BLOCK04/SES043/SA043S23	SES275	-1.902	15.4059	17.3079
BLOCK04/SES043/SA043S26	SES083	-1.05245	16.4579	17.5103
BLOCK04/SES043/SA043S26	SES101	-0.731186	16.7791	17.5103
BLOCK04/SES043/SA043S26	SES144	-0.830935	16.6794	17.5103
BLOCK04/SES043/SA043S26	SES177	-0.918976	16.5913	17.5103
BLOCK04/SES043/SA043S28	SES016	-1.99514	16.2304	18.2255
BLOCK04/SES043/SA043S28	SES083	-0.554071	17.6714	18.2255
BLOCK04/SES043/SA043S28	SES101	-0.238619	17.9869	18.2255
BLOCK04/SES043/SA043S28	SES144	-1.45374	16.7718	18.2255
BLOCK04/SES044/SA044S10	SES127	-1.85878	15.0085	16.8673
BLOCK04/SES044/SA044S10	SES144	-2.54122	14.326	16.8673
BLOCK04/SES044/SA044S10	SES147	-3.42206	13.4452	16.8673
BLOCK04/SES044/SA044S10	SES148	-2.512	14.3553	16.8673
BLOCK04/SES044/SA044S11	SES101	-0.419573	16.6642	17.0837
BLOCK04/SES044/SA044S11	SES144	-1.32657	15.7572	17.0837
BLOCK04/SES044/SA044S11	SES147	-2.8769	14.2068	17.0837
BLOCK04/SES044/SA044S11	SES177	-1.02844	16.0553	17.0837
BLOCK04/SES044/SA044S24	SES007	-1.51777	17.279	18.7967
BLOCK04/SES044/SA044S24	SES101	-0.740761	18.056	18.7967
BLOCK04/SES044/SA044S24	SES147	-2.89071	15.906	18.7967
BLOCK04/SES044/SA044S24	SES177	-1.09557	17.7011	18.7967
BLOCK04/SES044/SA044S26	SES007	-0.694881	17.6405	18.3353
BLOCK04/SES044/SA044S26	SES016	-2.05857	16.2768	18.3353
BLOCK04/SES044/SA044S26	SES101	0.0332165	18.3685	18.3353
BLOCK04/SES044/SA044S26	SES147	-2.4745	15.8608	18.3353
BLOCK04/SES044/SA044S29	SES007	-1.12364	17.3952	18.5189
BLOCK04/SES044/SA044S29	SES101	-0.511211	18.0077	18.5189
BLOCK04/SES044/SA044S29	SES147	-2.34072	16.1782	18.5189
BLOCK04/SES044/SA044S29	SES177	-1.07729	17.4416	18.5189
BLOCK04/SES046/SA046S13	SES101	-0.319249	14.7491	15.0683
BLOCK04/SES046/SA046S13	SES144	-0.30342	14.7649	15.0683
BLOCK04/SES046/SA046S13	SES147	-1.43231	13.636	15.0683
BLOCK04/SES046/SA046S13	SES177	-0.854718	14.2136	15.0683
BLOCK04/SES046/SA046S15	SES048	-0.373686	18.7854	19.1591
BLOCK04/SES046/SA046S15	SES083	-0.651115	18.508	19.1591
BLOCK04/SES046/SA046S15	SES120	-1.57403	17.5851	19.1591
BLOCK04/SES046/SA046S15	SES148	-0.814934	18.3442	19.1591
BLOCK04/SES046/SA046S22	SES101	-0.522096	15.8192	16.3413
BLOCK04/SES046/SA046S22	SES144	-0.81282	15.5284	16.3413
BLOCK04/SES046/SA046S22	SES147	-2.20713	14.1341	16.3413
BLOCK04/SES046/SA046S22	SES172	-0.669359	15.6719	16.3413
BLOCK04/SES046/SA046S25	SES083	-0.960142	16.2149	17.175
BLOCK04/SES046/SA046S25	SES127	-1.5746	15.6004	17.175
BLOCK04/SES046/SA046S25	SES144	-1.28993	15.8851	17.175
BLOCK04/SES046/SA046S25	SES148	-0.901152	16.2739	17.175
BLOCK04/SES046/SA046S28	SES007	-1.53808	15.0495	16.5876
BLOCK04/SES046/SA046S28	SES105	-1.60124	14.9864	16.5876
BLOCK04/SES046/SA046S28	SES147	-2.15547	14.4321	16.5876
BLOCK04/SES046/SA046S28	SES148	-0.496109	16.0915	16.5876
BLOCK04/SES049/SA049S16	SES104	-1.85988	16.0558	17.9157
BLOCK04/SES049/SA049S16	SES106	-1.06282	16.8529	17.9157
BLOCK04/SES049/SA049S16	SES120	-1.69119	16.2245	17.9157
BLOCK04/SES049/SA049S16	SES206	-1.73328	16.1824	17.9157
BLOCK04/SES049/SA049S18	SES099	-0.801035	16.1068	16.9078
BLOCK04/SES049/SA049S18	SES104	-1.63561	15.2722	16.9078
BLOCK04/SES049/SA049S18	SES125	-2.06142	14.8464	16.9078
BLOCK04/SES049/SA049S18	SES206	-2.4601	14.4477	16.9078
BLOCK04/SES049/SA049S25	SES087	-1.86893	15.1061	16.975
BLOCK04/SES049/SA049S25	SES104	-0.858913	16.1161	16.975
BLOCK04/SES049/SA049S25	SES125	-1.7745	15.2005	16.975
BLOCK04/SES049/SA049S25	SES206	-2.03727	14.9378	16.975
BLOCK04/SES049/SA049S27	SES099	-0.611696	16.8207	17.4324
BLOCK04/SES049/SA049S27	SES104	-0.90576	16.5267	17.4324
BLOCK04/SES049/SA049S27	SES125	-1.62977	15.8027	17.4324
BLOCK04/SES049/SA049S27	SES206	-1.84153	15.5909	17.4324
BLOCK04/SES049/SA049S29	SES099	-1.03895	17.1323	18.1712
BLOCK04/SES049/SA049S29	SES104	-0.742466	17.4288	18.1712
BLOCK04/SES049/SA049S29	SES125	-1.32443	16.8468	18.1712
BLOCK04/SES049/SA049S29	SES206	-1.47149	16.6998	18.1712
BLOCK06/SES063/SA063S09	SES068	-0.715515	17.6339	18.3495
BLOCK06/SES063/SA063S09	SES083	-0.536028	17.8134	18.3495
BLOCK06/SES063/SA063S09	SES177	-0.760273	17.5892	18.3495
BLOCK06/SES063/SA063S09	SES187	-1.78647	16.563	18.3495
BLOCK06/SES063/SA063S10	SES068	-1.03143	17.2236	18.255
BLOCK06/SES063/SA063S10	SES083	-0.497156	17.7578	18.255
BLOCK06/SES063/SA063S10	SES172	-1.00467	17.2503	18.255
BLOCK06/SES063/SA063S10	SES187	-2.11213	16.1429	18.255
BLOCK06/SES063/SA063S20	SES068	-1.01032	17.4148	18.4252
BLOCK06/SES063/SA063S20	SES083	-0.929302	17.4958	18.4252
BLOCK06/SES063/SA063S20	SES172	-1.07559	17.3496	18.4252
BLOCK06/SES063/SA063S20	SES187	-1.26554	17.1596	18.4252
BLOCK06/SES063/SA063S24	SES029	-2.29704	17.0636	19.3606
BLOCK06/SES063/SA063S24	SES083	-0.0753212	19.2853	19.3606
BLOCK06/SES063/SA063S24	SES177	-0.575621	18.785	19.3606
BLOCK06/SES063/SA063S24	SES189	-0.471125	18.8895	19.3606
BLOCK06/SES063/SA063S27	SES083	-0.297823	17.6703	17.9682
BLOCK06/SES063/SA063S27	SES172	-1.2548	16.7134	17.9682
BLOCK06/SES063/SA063S27	SES187	-1.55893	16.4092	17.9682
BLOCK06/SES063/SA063S27	SES292	-1.60554	16.3626	17.9682
BLOCK06/SES067/SA067S12	SES083	-0.887054	18.5366	19.4237
BLOCK06/SES067/SA067S12	SES172	-1.38876	18.0349	19.4237
BLOCK06/SES067/SA067S12	SES202	-0.101233	19.3224	19.4237
BLOCK06/SES067/SA067S12	SES292	-1.65788	17.7658	19.4237
BLOCK06/SES067/SA067S14	SES085	-3.86863	16.2109	20.0796
BLOCK06/SES067/SA067S14	SES177	-0.533358	19.5462	20.0796
BLOCK06/SES067/SA067S14	SES183	-1.39137	18.6882	20.0796
BLOCK06/SES067/SA067S14	SES202	-0.145445	19.9341	20.0796
BLOCK06/SES067/SA067S21	SES144	-2.37711	16.204	18.5811
BLOCK06/SES067/SA067S21	SES177	-0.372152	18.209	18.5811
BLOCK06/SES067/SA067S21	SES183	-0.659622	17.9215	18.5811
BLOCK06/SES067/SA067S21	SES189	-0.154543	18.4266	18.5811
BLOCK06/SES067/SA067S25	SES085	-3.33356	17.0328	20.3664
BLOCK06/SES067/SA067S25	SES177	-0.517099	19.8493	20.3664
BLOCK06/SES067/SA067S25	SES183	-1.15587	19.2105	20.3664
BLOCK06/SES067/SA067S25	SES202	-0.257698	20.1087	20.3664
BLOCK06/SES067/SA067S29	SES085	-3.28636	16.6909	19.9773
BLOCK06/SES067/SA067S29	SES177	-0.836996	19.1403	19.9773
BLOCK06/SES067/SA067S29	SES183	-0.858126	19.1192	19.9773
BLOCK06/SES067/SA067S29	SES202	0.264809	20.2421	19.9773
BLOCK06/SES069/SA069S12	SES029	-1.44636	17.8298	19.2762
BLOCK06/SES069/SA069S12	SES082	-0.470753	18.8054	19.2762
BLOCK06/SES069/SA069S12	SES087	-1.46669	17.8095	19.2762
BLOCK06/SES069/SA069S12	SES206	-0.0528221	19.2234	19.2762
BLOCK06/SES069/SA069S13	SES029	-1.69118	17.8869	19.5781
BLOCK06/SES069/SA069S13	SES087	-1.08734	18.4908	19.5781
BLOCK06/SES069/SA069S13	SES206	-0.339792	19.2383	19.5781
BLOCK06/SES069/SA069S13	SES226	-1.55095	18.0272	19.5781
BLOCK06/SES069/SA069S23	SES029	-0.317682	19.7732	20.0908
BLOCK06/SES069/SA069S23	SES087	-0.672262	19.4186	20.0908
BLOCK06/SES069/SA069S23	SES206	-0.46261	19.6282	20.0908
BLOCK06/SES069/SA069S23	SES226	-1.15203	18.9388	20.0908
BLOCK06/SES069/SA069S25	SES087	-1.0627	18.8869	19.9496
BLOCK06/SES069/SA069S25	SES206	-0.989422	18.9602	19.9496
BLOCK06/SES069/SA069S25	SES226	-1.27001	18.6796	19.9496
BLOCK06/SES069/SA069S25	SES270	-1.56999	18.3796	19.9496
BLOCK06/SES069/SA069S27	SES087	-1.89566	17.5806	19.4762
BLOCK06/SES069/SA069S27	SES206	-0.150017	19.3262	19.4762
BLOCK06/SES069/SA069S27	SES226	-0.891489	18.5847	19.4762
BLOCK06/SES069/SA069S27	SES270	-1.06638	18.4098	19.4762
BLOCK08/SES081/SA081S11	SES060	-0.897243	17.0806	17.9778
BLOCK08/SES081/SA081S11	SES062	-1.30566	16.6721	17.9778
BLOCK08/SES081/SA081S11	SES117	-3.71044	14.2674	17.9778
BLOCK08/SES081/SA081S11	SES162	-1.67458	16.3032	17.9778
BLOCK08/SES081/SA081S13	SES016	-0.494938	17.9132	18.4081
BLOCK08/SES081/SA081S13	SES060	0.165247	18.5734	18.4081
BLOCK08/SES081/SA081S13	SES068	-0.437864	17.9703	18.4081
BLOCK08/SES081/SA081S13	SES129	-1.27342	17.1347	18.4081
BLOCK08/SES081/SA081S24	SES060	-0.492477	17.4571	17.9496
BLOCK08/SES081/SA081S24	SES068	-0.856449	17.0931	17.9496
BLOCK08/SES081/SA081S24	SES117	-3.33945	14.6101	17.9496
BLOCK08/SES081/SA081S24	SES275	-2.33895	15.6106	17.9496
BLOCK08/SES081/SA081S27	SES007	-1.51177	16.1463	17.6581
BLOCK08/SES081/SA081S27	SES060	-0.903786	16.7543	17.6581
BLOCK08/SES081/SA081S27	SES117	-2.44666	15.2114	17.6581
BLOCK08/SES081/SA081S27	SES275	-2.44338	15.2147	17.6581
BLOCK08/SES081/SA081S29	SES007	-1.61131	16.5028	18.1141
BLOCK08/SES081/SA081S29	SES060	-0.682821	17.4313	18.1141
BLOCK08/SES081/SA081S29	SES117	-2.56626	15.5479	18.1141
BLOCK08/SES081/SA081S29	SES275	-1.59279	16.5213	18.1141
BLOCK08/SES086/SA086S11	SES029	-2.73418	14.9367	17.6709
BLOCK08/SES086/SA086S11	SES082	-1.73923	15.9316	17.6709
BLOCK08/SES086/SA086S11	SES087	-0.0954609	17.5754	17.6709
BLOCK08/SES086/SA086S11	SES206	-1.56375	16.1071	17.6709
BLOCK08/SES086/SA086S12	SES029	-1.84171	16.3531	18.1948
BLOCK08/SES086/SA086S12	SES082	-1.54232	16.6525	18.1948
BLOCK08/SES086/SA086S12	SES087	0.396072	18.5909	18.1948
BLOCK08/SES086/SA086S12	SES206	-1.24457	16.9502	18.1948
BLOCK08/SES086/SA086S20	SES029	-1.8321	18.2717	20.1038
BLOCK08/SES086/SA086S20	SES082	-1.87171	18.2321	20.1038
BLOCK08/SES086/SA086S20	SES087	0.643354	20.7471	20.1038
BLOCK08/SES086/SA086S20	SES206	-0.622892	19.4809	20.1038
BLOCK08/SES086/SA086S24	SES087	0.0518398	17.7257	17.6739
BLOCK08/SES086/SA086S24	SES104	-1.1088	16.5651	17.6739
BLOCK08/SES086/SA086S24	SES120	-2.90557	14.7683	17.6739
BLOCK08/SES086/SA086S24	SES206	-0.406607	17.2673	17.6739
BLOCK08/SES086/SA086S28	SES029	-1.52084	17.2924	18.8132
BLOCK08/SES086/SA086S28	SES082	-1.77516	17.038	18.8132
BLOCK08/SES086/SA086S28	SES087	0.271317	19.0845	18.8132
BLOCK08/SES086/SA086S28	SES206	-1.09759	17.7156	18.8132
BLOCK08/SES089/SA089S13	SES087	-0.679989	16.5522	17.2322
BLOCK08/SES089/SA089S13	SES206	-0.856188	16.376	17.2322
BLOCK08/SES089/SA089S13	SES226	-1.66572	15.5665	17.2322
BLOCK08/SES089/SA089S13	SES270	-2.72159	14.5106	17.2322
BLOCK08/SES089/SA089S14	SES062	-2.27153	15.6198	17.8913
BLOCK08/SES089/SA089S14	SES087	-0.466816	17.4245	17.8913
BLOCK08/SES089/SA089S14	SES206	-1.14006	16.7513	17.8913
BLOCK08/SES089/SA089S14	SES226	-1.53673	16.3546	17.8913
BLOCK08/SES089/SA089S23	SES087	-0.283649	16.5295	16.8131
BLOCK08/SES089/SA089S23	SES206	-1.42641	15.3867	16.8131
BLOCK08/SES089/SA089S23	SES226	-1.48196	15.3312	16.8131
BLOCK08/SES089/SA089S23	SES270	-3.08926	13.7239	16.8131
BLOCK08/SES089/SA089S25	SES062	-2.08817	16.4205	18.5086
BLOCK08/SES089/SA089S25	SES087	0.202486	18.7111	18.5086
BLOCK08/SES089/SA089S25	SES206	-1.5554	16.9532	18.5086
BLOCK08/SES089/SA089S25	SES226	-1.77209	16.7365	18.5086
BLOCK08/SES089/SA089S28	SES062	-1.60001	15.9742	17.5743
BLOCK08/SES089/SA089S28	SES087	0.0871162	17.6614	17.5743
BLOCK08/SES089/SA089S28	SES206	-0.684275	16.89	17.5743
BLOCK08/SES089/SA089S28	SES226	-0.969351	16.6049	17.5743
BLOCK09/SES097/SA097S11	SES099	-0.194681	16.6129	16.8076
BLOCK09/SES097/SA097S11	SES125	-1.53742	15.2702	16.8076
BLOCK09/SES097/SA097S11	SES206	-1.1506	15.657	16.8076
BLOCK09/SES097/SA097S11	SES226	-0.101067	16.7065	16.8076
BLOCK09/SES097/SA097S14	SES062	-1.72358	14.6627	16.3862
BLOCK09/SES097/SA097S14	SES099	-1.14255	15.2437	16.3862
BLOCK09/SES097/SA097S14	SES104	-1.089	15.2973	16.3862
BLOCK09/SES097/SA097S14	SES206	-1.3546	15.0317	16.3862
BLOCK09/SES097/SA097S22	SES099	-0.448853	15.8242	16.2731
BLOCK09/SES097/SA097S22	SES206	-1.12536	15.1477	16.2731
BLOCK09/SES097/SA097S22	SES226	-0.728202	15.5449	16.2731
BLOCK09/SES097/SA097S22	SES270	-0.139063	16.134	16.2731
BLOCK09/SES097/SA097S26	SES099	-0.821293	16.3642	17.1855
BLOCK09/SES097/SA097S26	SES120	-1.66717	15.5183	17.1855
BLOCK09/SES097/SA097S26	SES206	-1.01854	16.1669	17.1855
BLOCK09/SES097/SA097S26	SES226	-1.94738	15.2381	17.1855
BLOCK09/SES097/SA097S28	SES099	-0.888019	15.5605	16.4485
BLOCK09/SES097/SA097S28	SES120	-1.37514	15.0733	16.4485
BLOCK09/SES097/SA097S28	SES206	-1.59575	14.8527	16.4485
BLOCK09/SES097/SA097S28	SES226	-1.76766	14.6808	16.4485
BLOCK09/SES098/SA098S11	SES127	-0.950886	15.1815	16.1324
BLOCK09/SES098/SA098S11	SES144	-1.70223	14.4302	16.1324
BLOCK09/SES098/SA098S11	SES147	-1.08186	15.0505	16.1324
BLOCK09/SES098/SA098S11	SES148	-2.55676	13.5756	16.1324
BLOCK09/SES098/SA098S12	SES127	-1.76696	13.7421	15.509
BLOCK09/SES098/SA098S12	SES144	-2.48883	13.0202	15.509
BLOCK09/SES098/SA098S12	SES147	-1.52325	13.9858	15.509
BLOCK09/SES098/SA098S12	SES189	-1.36551	14.1435	15.509
BLOCK09/SES098/SA098S20	SES127	-1.81459	15.2908	17.1054
BLOCK09/SES098/SA098S20	SES147	-1.79957	15.3058	17.1054
BLOCK09/SES098/SA098S20	SES148	-2.06167	15.0437	17.1054
BLOCK09/SES098/SA098S20	SES292	-1.35346	15.7519	17.1054
BLOCK09/SES098/SA098S23	SES127	-0.778353	16.651	17.4293
BLOCK09/SES098/SA098S23	SES147	-1.70355	15.7258	17.4293
BLOCK09/SES098/SA098S23	SES187	-1.51737	15.912	17.4293
BLOCK09/SES098/SA098S23	SES292	-1.46117	15.9682	17.4293
BLOCK09/SES098/SA098S27	SES127	-1.25229	16.2771	17.5294
BLOCK09/SES098/SA098S27	SES147	-2.74697	14.7824	17.5294
BLOCK09/SES098/SA098S27	SES148	-2.7075	14.8219	17.5294
BLOCK09/SES098/SA098S27	SES292	-1.33213	16.1972	17.5294
BLOCK10/SES102/SA102S13	SES101	-0.0323582	18.5729	18.6053
BLOCK10/SES102/SA102S13	SES105	-0.475016	18.1303	18.6053
BLOCK10/SES102/SA102S13	SES120	-1.49681	17.1085	18.6053
BLOCK10/SES102/SA102S13	SES158	-2.02305	16.5823	18.6053
BLOCK10/SES102/SA102S14	SES007	-0.0834675	20.1571	20.2405
BLOCK10/SES102/SA102S14	SES101	0.109339	20.3499	20.2405
BLOCK10/SES102/SA102S14	SES105	-0.423122	19.8174	20.2405
BLOCK10/SES102/SA102S14	SES147	-3.17061	17.0699	20.2405
BLOCK10/SES102/SA102S22	SES007	-0.873999	18.7263	19.6003
BLOCK10/SES102/SA102S22	SES101	0.0214767	19.6218	19.6003
BLOCK10/SES102/SA102S22	SES105	-0.468569	19.1318	19.6003
BLOCK10/SES102/SA102S22	SES158	-2.12141	17.4789	19.6003
BLOCK10/SES102/SA102S25	SES007	-0.451645	18.8901	19.3418
BLOCK10/SES102/SA102S25	SES101	0.0311337	19.3729	19.3418
BLOCK10/SES102/SA102S25	SES105	-1.02108	18.3207	19.3418
BLOCK10/SES102/SA102S25	SES147	-3.08201	16.2598	19.3418
BLOCK10/SES102/SA102S27	SES007	-0.746264	17.3962	18.1424
BLOCK10/SES102/SA102S27	SES101	0.109602	18.252	18.1424
BLOCK10/SES102/SA102S27	SES105	-0.907984	17.2344	18.1424
BLOCK10/SES102/SA102S27	SES147	-2.7608	15.3816	18.1424
BLOCK10/SES103/SA103S14	SES105	-2.04739	15.0467	17.0941
BLOCK10/SES103/SA103S14	SES106	-0.92968	16.1644	17.0941
BLOCK10/SES103/SA103S14	SES120	-1.72784	15.3663	17.0941
BLOCK10/SES103/SA103S14	SES206	-2.75079	14.3433	17.0941
BLOCK10/SES103/SA103S15	SES099	-1.6525	14.6174	16.2699
BLOCK10/SES103/SA103S15	SES101	-2.43145	13.8385	16.2699
BLOCK10/SES103/SA103S15	SES104	-1.5174	14.7525	16.2699
BLOCK10/SES103/SA103S15	SES125	-1.58912	14.6808	16.2699
BLOCK10/SES103/SA103S24	SES104	-1.35466	16.6092	17.9639
BLOCK10/SES103/SA103S24	SES125	-1.76396	16.1999	17.9639
BLOCK10/SES103/SA103S24	SES148	-2.83463	15.1293	17.9639
BLOCK10/SES103/SA103S24	SES158	-1.1778	16.7861	17.9639
BLOCK10/SES103/SA103S26	SES104	-1.42206	16.3827	17.8048
BLOCK10/SES103/SA103S26	SES106	-0.933546	16.8712	17.8048
BLOCK10/SES103/SA103S26	SES125	-1.26302	16.5418	17.8048
BLOCK10/SES103/SA103S26	SES148	-3.27652	14.5283	17.8048
BLOCK10/SES103/SA103S28	SES104	-2.19837	14.1309	16.3292
BLOCK10/SES103/SA103S28	SES106	-1.43848	14.8908	16.3292
BLOCK10/SES103/SA103S28	SES125	-1.97672	14.3525	16.3292
BLOCK10/SES103/SA103S28	SES206	-2.22332	14.1059	16.3292
BLOCK12/SES121/SA121S12	SES042	-1.41434	13.3656	14.78
BLOCK12/SES121/SA121S12	SES087	-1.82738	12.9526	14.78
BLOCK12/SES121/SA121S12	SES105	-1.2973	13.4827	14.78
BLOCK12/SES121/SA121S12	SES206	-1.36247	13.4175	14.78
BLOCK12/SES121/SA121S14	SES007	-1.89117	13.1896	15.0808
BLOCK12/SES121/SA121S14	SES105	-1.53941	13.5414	15.0808
BLOCK12/SES121/SA121S14	SES106	-0.965843	14.1149	15.0808
BLOCK12/SES121/SA121S14	SES206	-1.86005	13.2207	15.0808
BLOCK12/SES121/SA121S23	SES105	-0.978877	14.0513	15.0302
BLOCK12/SES121/SA121S23	SES106	-0.549817	14.4804	15.0302
BLOCK12/SES121/SA121S23	SES120	-1.20098	13.8292	15.0302
BLOCK12/SES121/SA121S23	SES206	-1.38784	13.6423	15.0302
BLOCK12/SES121/SA121S25	SES007	-1.29334	12.506	13.7994
BLOCK12/SES121/SA121S25	SES105	-1.55581	12.2435	13.7994
BLOCK12/SES121/SA121S25	SES106	-1.22027	12.5791	13.7994
BLOCK12/SES121/SA121S25	SES206	-1.80457	11.9948	13.7994
BLOCK12/SES121/SA121S27	SES087	-1.06828	14.2241	15.2924
BLOCK12/SES121/SA121S27	SES105	-2.35965	12.9327	15.2924
BLOCK12/SES121/SA121S27	SES120	-0.964313	14.3281	15.2924
BLOCK12/SES121/SA121S27	SES206	-1.38169	13.9107	15.2924
BLOCK12/SES124/SA124S16	SES042	-2.24932	16.4249	18.6742
BLOCK12/SES124/SA124S16	SES082	-1.09647	17.5777	18.6742
BLOCK12/SES124/SA124S16	SES183	-1.63088	17.0433	18.6742
BLOCK12/SES124/SA124S16	SES206	-0.892944	17.7812	18.6742
BLOCK12/SES124/SA124S17	SES105	-0.766947	18.543	19.3099
BLOCK12/SES124/SA124S17	SES149	-1.59358	17.7163	19.3099
BLOCK12/SES124/SA124S17	SES158	-0.53294	18.777	19.3099
BLOCK12/SES124/SA124S17	SES275	-3.23948	16.0704	19.3099
BLOCK12/SES124/SA124S23	SES105	-0.901926	19.4583	20.3602
BLOCK12/SES124/SA124S23	SES125	0.207321	20.5675	20.3602
BLOCK12/SES124/SA124S23	SES129	-1.02649	19.3337	20.3602
BLOCK12/SES124/SA124S23	SES158	0.0812855	20.4415	20.3602
BLOCK12/SES124/SA124S26	SES105	-1.85431	16.6898	18.5441
BLOCK12/SES124/SA124S26	SES125	-0.282032	18.2621	18.5441
BLOCK12/SES124/SA124S26	SES129	-1.95006	16.594	18.5441
BLOCK12/SES124/SA124S26	SES158	-0.557951	17.9861	18.5441
BLOCK12/SES124/SA124S28	SES104	-0.490608	18.1976	18.6882
BLOCK12/SES124/SA124S28	SES106	-0.385695	18.3025	18.6882
BLOCK12/SES124/SA124S28	SES125	0.0147171	18.703	18.6882
BLOCK12/SES124/SA124S28	SES275	-3.09574	15.5925	18.6882
BLOCK12/SES126/SA126S13	SES007	-0.913761	16.7164	17.6302
BLOCK12/SES126/SA126S13	SES162	-1.13103	16.4992	17.6302
BLOCK12/SES126/SA126S13	SES177	-0.36314	17.2671	17.6302
BLOCK12/SES126/SA126S13	SES180	-1.16853	16.4617	17.6302
BLOCK12/SES126/SA126S14	SES144	-1.82947	16.7109	18.5404
BLOCK12/SES126/SA126S14	SES148	-3.01871	15.5217	18.5404
BLOCK12/SES126/SA126S14	SES177	-0.320927	18.2195	18.5404
BLOCK12/SES126/SA126S14	SES180	-1.72097	16.8194	18.5404
BLOCK12/SES126/SA126S20	SES007	-0.917263	17.7386	18.6558
BLOCK12/SES126/SA126S20	SES162	-1.40868	17.2471	18.6558
BLOCK12/SES126/SA126S20	SES172	-0.546562	18.1093	18.6558
BLOCK12/SES126/SA126S20	SES180	-1.74809	16.9077	18.6558
BLOCK12/SES126/SA126S24	SES120	-0.128574	18.1563	18.2848
BLOCK12/SES126/SA126S24	SES162	-1.32974	16.9551	18.2848
BLOCK12/SES126/SA126S24	SES177	-0.462549	17.8223	18.2848
BLOCK12/SES126/SA126S24	SES180	-0.518551	17.7663	18.2848
BLOCK12/SES126/SA126S26	SES120	-0.158041	15.4679	15.626
BLOCK12/SES126/SA126S26	SES177	-0.774051	14.8519	15.626
BLOCK12/SES126/SA126S26	SES180	-0.688434	14.9376	15.626
BLOCK12/SES126/SA126S26	SES202	0.341061	15.967	15.626
BLOCK12/SES128/SA128S10	SES087	-3.10021	14.566	17.6662
BLOCK12/SES128/SA128S10	SES206	-1.59899	16.0672	17.6662
BLOCK12/SES128/SA128S10	SES226	-0.801575	16.8646	17.6662
BLOCK12/SES128/SA128S10	SES270	-0.777391	16.8888	17.6662
BLOCK12/SES128/SA128S12	SES120	-1.17457	16.5995	17.7741
BLOCK12/SES128/SA128S12	SES158	-1.29131	16.4828	17.7741
BLOCK12/SES128/SA128S12	SES206	-2.02153	15.7525	17.7741
BLOCK12/SES128/SA128S12	SES226	-1.5807	16.1934	17.7741
BLOCK12/SES128/SA128S21	SES106	-1.03615	16.3964	17.4326
BLOCK12/SES128/SA128S21	SES120	-2.1335	15.2991	17.4326
BLOCK12/SES128/SA128S21	SES206	-2.16637	15.2662	17.4326
BLOCK12/SES128/SA128S21	SES226	-0.461882	16.9707	17.4326
BLOCK12/SES128/SA128S24	SES087	-2.46884	15.5063	17.9751
BLOCK12/SES128/SA128S24	SES120	-0.728771	17.2464	17.9751
BLOCK12/SES128/SA128S24	SES206	-1.97155	16.0036	17.9751
BLOCK12/SES128/SA128S24	SES226	-1.51215	16.463	17.9751
BLOCK12/SES128/SA128S27	SES099	-0.688059	18.9451	19.6331
BLOCK12/SES128/SA128S27	SES120	-0.796484	18.8367	19.6331
BLOCK12/SES128/SA128S27	SES206	-2.11965	17.5135	19.6331
BLOCK12/SES128/SA128S27	SES226	-1.01177	18.6214	19.6331
BLOCK13/SES130/SA130S13	SES143	0.599113	17.798	17.1989
BLOCK13/SES130/SA130S13	SES144	0.663048	17.862	17.1989
BLOCK13/SES130/SA130S13	SES146	0.382345	17.5813	17.1989
BLOCK13/SES130/SA130S13	SES275	-0.994101	16.2048	17.1989
BLOCK13/SES130/SA130S15	SES143	-0.599243	16.7567	17.3559
BLOCK13/SES130/SA130S15	SES144	-0.144329	17.2116	17.3559
BLOCK13/SES130/SA130S15	SES146	-0.00853539	17.3474	17.3559
BLOCK13/SES130/SA130S15	SES275	-1.42459	15.9313	17.3559
BLOCK13/SES130/SA130S23	SES127	-1.16551	14.9485	16.114
BLOCK13/SES130/SA130S23	SES144	-2.73604	13.378	16.114
BLOCK13/SES130/SA130S23	SES146	0.0897484	16.2038	16.114
BLOCK13/SES130/SA130S23	SES162	-0.568702	15.5453	16.114
BLOCK13/SES130/SA130S25	SES127	-0.62561	17.1667	17.7923
BLOCK13/SES130/SA130S25	SES144	-1.3371	16.4552	17.7923
BLOCK13/SES130/SA130S25	SES146	-0.0340805	17.7582	17.7923
BLOCK13/SES130/SA130S25	SES275	-1.47428	16.318	17.7923
BLOCK13/SES130/SA130S28	SES127	-0.906048	15.8009	16.707
BLOCK13/SES130/SA130S28	SES144	-2.11156	14.5954	16.707
BLOCK13/SES130/SA130S28	SES146	0.0432472	16.7502	16.707
BLOCK13/SES130/SA130S28	SES275	-1.90593	14.8011	16.707
BLOCK13/SES131/SA131S13	SES002	-1.64001	12.3803	14.0203
BLOCK13/SES131/SA131S13	SES007	-2.48614	11.5342	14.0203
BLOCK13/SES131/SA131S13	SES099	-3.01001	11.0103	14.0203
BLOCK13/SES131/SA131S13	SES105	-2.69307	11.3273	14.0203
BLOCK13/SES131/SA131S14	SES104	-1.7882	14.1255	15.9137
BLOCK13/SES131/SA131S14	SES106	-1.34649	14.5672	15.9137
BLOCK13/SES131/SA131S14	SES125	-2.67865	13.235	15.9137
BLOCK13/SES131/SA131S14	SES148	-1.22753	14.6861	15.9137
BLOCK13/SES131/SA131S20	SES104	-2.54613	13.6916	16.2377
BLOCK13/SES131/SA131S20	SES106	-1.45866	14.779	16.2377
BLOCK13/SES131/SA131S20	SES125	-3.72165	12.516	16.2377
BLOCK13/SES131/SA131S20	SES148	-1.42576	14.8119	16.2377
BLOCK13/SES131/SA131S22	SES099	-1.94438	13.3784	15.3228
BLOCK13/SES131/SA131S22	SES104	-2.42158	12.9012	15.3228
BLOCK13/SES131/SA131S22	SES125	-2.81377	12.509	15.3228
BLOCK13/SES131/SA131S22	SES206	-2.21403	13.1087	15.3228
BLOCK13/SES131/SA131S29	SES087	-1.41169	12.137	13.5487
BLOCK13/SES131/SA131S29	SES104	-3.22251	10.3262	13.5487
BLOCK13/SES131/SA131S29	SES125	-3.75154	9.79714	13.5487
BLOCK13/SES131/SA131S29	SES206	-2.11558	11.4331	13.5487
BLOCK13/SES132/SA132S11	SES083	-1.67155	14.6092	16.2807
BLOCK13/SES132/SA132S11	SES120	-1.59916	14.6815	16.2807
BLOCK13/SES132/SA132S11	SES127	-2.39992	13.8808	16.2807
BLOCK13/SES132/SA132S11	SES275	-0.937282	15.3434	16.2807
BLOCK13/SES132/SA132S12	SES083	-1.6686	14.345	16.0136
BLOCK13/SES132/SA132S12	SES143	-0.598906	15.4147	16.0136
BLOCK13/SES132/SA132S12	SES144	-0.608294	15.4053	16.0136
BLOCK13/SES132/SA132S12	SES148	-1.12913	14.8845	16.0136
BLOCK13/SES132/SA132S22	SES062	-1.06241	16.2099	17.2723
BLOCK13/SES132/SA132S22	SES083	-1.20526	16.0671	17.2723
BLOCK13/SES132/SA132S22	SES127	-1.58261	15.6897	17.2723
BLOCK13/SES132/SA132S22	SES275	-0.470884	16.8015	17.2723
BLOCK13/SES132/SA132S24	SES007	-0.708099	17.4585	18.1666
BLOCK13/SES132/SA132S24	SES083	-1.66639	16.5002	18.1666
BLOCK13/SES132/SA132S24	SES127	-2.30739	15.8592	18.1666
BLOCK13/SES132/SA132S24	SES275	-0.128391	18.0382	18.1666
BLOCK13/SES132/SA132S27	SES083	-1.81322	14.7608	16.574
BLOCK13/SES132/SA132S27	SES120	-1.05797	15.5161	16.574
BLOCK13/SES132/SA132S27	SES127	-2.44286	14.1312	16.574
BLOCK13/SES132/SA132S27	SES275	-0.801624	15.7724	16.574
BLOCK14/SES141/SA141S09	SES143	-1.71315	15.8	17.5131
BLOCK14/SES141/SA141S09	SES144	-1.11024	16.4029	17.5131
BLOCK14/SES141/SA141S09	SES162	-1.26046	16.2527	17.5131
BLOCK14/SES141/SA141S09	SES180	-0.922495	16.5906	17.5131
BLOCK14/SES141/SA141S15	SES127	-0.909956	16.7385	17.6484
BLOCK14/SES141/SA141S15	SES144	-1.90265	15.7458	17.6484
BLOCK14/SES141/SA141S15	SES162	-0.869455	16.779	17.6484
BLOCK14/SES141/SA141S15	SES180	-0.991291	16.6571	17.6484
BLOCK14/SES141/SA141S24	SES127	-1.07773	17.0463	18.124
BLOCK14/SES141/SA141S24	SES144	-1.84068	16.2833	18.124
BLOCK14/SES141/SA141S24	SES162	-1.02122	17.1028	18.124
BLOCK14/SES141/SA141S24	SES183	-1.85709	16.2669	18.124
BLOCK14/SES141/SA141S26	SES142	-0.303869	16.8264	17.1303
BLOCK14/SES141/SA141S26	SES144	-1.50805	15.6222	17.1303
BLOCK14/SES141/SA141S26	SES172	-1.23457	15.8957	17.1303
BLOCK14/SES141/SA141S26	SES180	-1.20677	15.9235	17.1303
BLOCK14/SES141/SA141S29	SES127	-0.242184	17.8443	18.0865
BLOCK14/SES141/SA141S29	SES142	-0.177502	17.909	18.0865
BLOCK14/SES141/SA141S29	SES144	-1.90409	16.1824	18.0865
BLOCK14/SES141/SA141S29	SES180	-0.999971	17.0865	18.0865
BLOCK15/SES157/SA157S08	SES083	-2.24908	17.3151	19.5642
BLOCK15/SES157/SA157S08	SES127	-0.674448	18.8898	19.5642
BLOCK15/SES157/SA157S08	SES148	-2.37999	17.1842	19.5642
BLOCK15/SES157/SA157S08	SES292	-2.25222	17.312	19.5642
BLOCK15/SES157/SA157S11	SES083	-2.24359	16.247	18.4906
BLOCK15/SES157/SA157S11	SES127	-1.02356	17.4671	18.4906
BLOCK15/SES157/SA157S11	SES148	-2.06187	16.4288	18.4906
BLOCK15/SES157/SA157S11	SES292	-2.32534	16.1653	18.4906
BLOCK15/SES157/SA157S21	SES127	-0.632177	19.2719	19.9041
BLOCK15/SES157/SA157S21	SES148	-2.06979	17.8343	19.9041
BLOCK15/SES157/SA157S21	SES158	-1.74158	18.1625	19.9041
BLOCK15/SES157/SA157S21	SES292	-2.14597	17.7581	19.9041
BLOCK15/SES157/SA157S24	SES127	-0.616865	18.8241	19.441
BLOCK15/SES157/SA157S24	SES148	-2.1918	17.2492	19.441
BLOCK15/SES157/SA157S24	SES183	-2.62054	16.8205	19.441
BLOCK15/SES157/SA157S24	SES292	-2.45635	16.9847	19.441
BLOCK15/SES157/SA157S26	SES007	-0.345139	19.5824	19.9276
BLOCK15/SES157/SA157S26	SES127	-0.511604	19.4159	19.9276
BLOCK15/SES157/SA157S26	SES147	-3.14192	16.7856	19.9276
BLOCK15/SES157/SA157S26	SES148	-1.96692	17.9606	19.9276
BLOCK16/SES161/SA161S10	SES007	-0.94039	16.7644	17.7048
BLOCK16/SES161/SA161S10	SES105	-1.1067	16.5981	17.7048
BLOCK16/SES161/SA161S10	SES158	-1.14884	16.556	17.7048
BLOCK16/SES161/SA161S10	SES275	-2.02348	15.6813	17.7048
BLOCK16/SES161/SA161S12	SES007	-1.03346	16.6886	17.7221
BLOCK16/SES161/SA161S12	SES105	-1.84863	15.8735	17.7221
BLOCK16/SES161/SA161S12	SES158	-0.966887	16.7552	17.7221
BLOCK16/SES161/SA161S12	SES275	-2.0042	15.7179	17.7221
BLOCK16/SES161/SA161S20	SES007	-1.18448	16.7267	17.9112
BLOCK16/SES161/SA161S20	SES105	-1.20605	16.7051	17.9112
BLOCK16/SES161/SA161S20	SES158	-1.1705	16.7407	17.9112
BLOCK16/SES161/SA161S20	SES275	-2.61197	15.2992	17.9112
BLOCK16/SES161/SA161S23	SES007	-1.17829	16.1437	17.3219
BLOCK16/SES161/SA161S23	SES105	-0.797596	16.5243	17.3219
BLOCK16/SES161/SA161S23	SES148	-1.52332	15.7986	17.3219
BLOCK16/SES161/SA161S23	SES158	-1.22898	16.093	17.3219
BLOCK16/SES161/SA161S28	SES007	-1.40381	16.7062	18.11
BLOCK16/SES161/SA161S28	SES105	-1.7342	16.3758	18.11
BLOCK16/SES161/SA161S28	SES158	-1.24887	16.8611	18.11
BLOCK16/SES161/SA161S28	SES206	-1.52569	16.5843	18.11
BLOCK16/SES164/SA164S11	SES104	-0.924604	18.1489	19.0735
BLOCK16/SES164/SA164S11	SES125	-0.83317	18.2403	19.0735
BLOCK16/SES164/SA164S11	SES158	0.415213	19.4887	19.0735
BLOCK16/SES164/SA164S11	SES206	-2.2139	16.8596	19.0735
BLOCK16/SES164/SA164S13	SES099	-0.829493	16.7276	17.5571
BLOCK16/SES164/SA164S13	SES104	-1.05734	16.4997	17.5571
BLOCK16/SES164/SA164S13	SES125	-1.32632	16.2307	17.5571
BLOCK16/SES164/SA164S13	SES206	-1.69737	15.8597	17.5571
BLOCK16/SES164/SA164S24	SES002	-1.23471	17.2186	18.4534
BLOCK16/SES164/SA164S24	SES099	-1.26588	17.1875	18.4534
BLOCK16/SES164/SA164S24	SES125	-2.2391	16.2143	18.4534
BLOCK16/SES164/SA164S24	SES226	-0.37882	18.0745	18.4534
BLOCK16/SES164/SA164S27	SES087	-3.5084	14.9053	18.4137
BLOCK16/SES164/SA164S27	SES125	-1.31596	17.0978	18.4137
BLOCK16/SES164/SA164S27	SES206	-0.762793	17.6509	18.4137
BLOCK16/SES164/SA164S27	SES226	-0.831341	17.5824	18.4137
BLOCK16/SES164/SA164S29	SES002	-0.557261	17.3316	17.8888
BLOCK16/SES164/SA164S29	SES019	-1.79051	16.0983	17.8888
BLOCK16/SES164/SA164S29	SES125	-1.50891	16.3799	17.8888
BLOCK16/SES164/SA164S29	SES226	-1.1641	16.7247	17.8888
BLOCK16/SES169/SA169S13	SES117	-1.81701	15.3791	17.1961
BLOCK16/SES169/SA169S13	SES144	-1.64496	15.5512	17.1961
BLOCK16/SES169/SA169S13	SES146	-0.710674	16.4854	17.1961
BLOCK16/SES169/SA169S13	SES162	-0.202608	16.9935	17.1961
BLOCK16/SES169/SA169S14	SES144	-2.0825	16.4773	18.5598
BLOCK16/SES169/SA169S14	SES148	-1.34926	17.2105	18.5598
BLOCK16/SES169/SA169S14	SES177	-0.619781	17.94	18.5598
BLOCK16/SES169/SA169S14	SES180	-1.35544	17.2043	18.5598
BLOCK16/SES169/SA169S24	SES117	-2.48324	14.577	17.0602
BLOCK16/SES169/SA169S24	SES144	-2.21816	14.8421	17.0602
BLOCK16/SES169/SA169S24	SES146	-0.590147	16.4701	17.0602
BLOCK16/SES169/SA169S24	SES162	-0.738102	16.3221	17.0602
BLOCK16/SES169/SA169S27	SES127	-0.839649	16.4266	17.2663
BLOCK16/SES169/SA169S27	SES129	-0.726246	16.54	17.2663
BLOCK16/SES169/SA169S27	SES144	-2.37867	14.8876	17.2663
BLOCK16/SES169/SA169S27	SES146	-0.320103	16.9462	17.2663
BLOCK16/SES169/SA169S29	SES144	-2.56674	15.7462	18.313
BLOCK16/SES169/SA169S29	SES162	-0.409779	17.9032	18.313
BLOCK16/SES169/SA169S29	SES177	-0.855131	17.4578	18.313
BLOCK16/SES169/SA169S29	SES180	-0.479847	17.8331	18.313
BLOCK17/SES171/SA171S12	SES083	-1.83355	16.5623	18.3959
BLOCK17/SES171/SA171S12	SES148	-3.01557	15.3803	18.3959
BLOCK17/SES171/SA171S12	SES172	-0.255272	18.1406	18.3959
BLOCK17/SES171/SA171S12	SES292	-2.69038	15.7055	18.3959
BLOCK17/SES171/SA171S15	SES148	-3.01088	15.2254	18.2363
BLOCK17/SES171/SA171S15	SES177	-0.808317	17.428	18.2363
BLOCK17/SES171/SA171S15	SES180	-1.98529	16.251	18.2363
BLOCK17/SES171/SA171S15	SES292	-2.23174	16.0046	18.2363
BLOCK17/SES171/SA171S22	SES007	-1.13521	18.9988	20.134
BLOCK17/SES171/SA171S22	SES148	-3.10833	17.0257	20.134
BLOCK17/SES171/SA171S22	SES177	-0.46347	19.6705	20.134
BLOCK17/SES171/SA171S22	SES180	-1.9045	18.2295	20.134
BLOCK17/SES171/SA171S25	SES101	-0.997288	15.9856	16.9829
BLOCK17/SES171/SA171S25	SES120	-1.62227	15.3606	16.9829
BLOCK17/SES171/SA171S25	SES177	-0.394781	16.5881	16.9829
BLOCK17/SES171/SA171S25	SES180	-1.85013	15.1327	16.9829
BLOCK17/SES171/SA171S27	SES177	-0.503922	17.8313	18.3353
BLOCK17/SES171/SA171S27	SES180	-1.73719	16.5981	18.3353
BLOCK17/SES171/SA171S27	SES189	-1.00767	17.3276	18.3353
BLOCK17/SES171/SA171S27	SES292	-2.40457	15.9307	18.3353
BLOCK17/SES173/SA173S13	SES162	-1.64121	18.4698	20.111
BLOCK17/SES173/SA173S13	SES177	-0.565796	19.5452	20.111
BLOCK17/SES173/SA173S13	SES180	-1.60728	18.5037	20.111
BLOCK17/SES173/SA173S13	SES292	-2.11154	17.9995	20.111
BLOCK17/SES173/SA173S14	SES007	-0.671469	18.463	19.1344
BLOCK17/SES173/SA173S14	SES162	-1.17566	17.9588	19.1344
BLOCK17/SES173/SA173S14	SES177	-0.222839	18.9116	19.1344
BLOCK17/SES173/SA173S14	SES180	-1.70784	17.4266	19.1344
BLOCK17/SES173/SA173S24	SES144	-3.30678	14.8575	18.1643
BLOCK17/SES173/SA173S24	SES162	-1.49024	16.674	18.1643
BLOCK17/SES173/SA173S24	SES177	-0.333588	17.8307	18.1643
BLOCK17/SES173/SA173S24	SES180	-1.95635	16.2079	18.1643
BLOCK17/SES173/SA173S27	SES162	-1.66488	17.734	19.3989
BLOCK17/SES173/SA173S27	SES177	-0.627001	18.7719	19.3989
BLOCK17/SES173/SA173S27	SES180	-1.07692	18.3219	19.3989
BLOCK17/SES173/SA173S27	SES292	-1.33712	18.0617	19.3989
BLOCK17/SES173/SA173S29	SES162	-1.03666	18.5356	19.5723
BLOCK17/SES173/SA173S29	SES175	-0.796219	18.7761	19.5723
BLOCK17/SES173/SA173S29	SES177	-0.247566	19.3247	19.5723
BLOCK17/SES173/SA173S29	SES292	-2.2924	17.2799	19.5723
BLOCK18/SES182/SA182S10	SES144	-2.81875	15.4919	18.3107
BLOCK18/SES182/SA182S10	SES177	-0.730261	17.5804	18.3107
BLOCK18/SES182/SA182S10	SES180	-1.10877	17.2019	18.3107
BLOCK18/SES182/SA182S10	SES275	-2.19432	16.1164	18.3107
BLOCK18/SES182/SA182S12	SES144	-1.6383	16.3811	18.0194
BLOCK18/SES182/SA182S12	SES177	-0.346022	17.6734	18.0194
BLOCK18/SES182/SA182S12	SES180	-0.824003	17.1954	18.0194
BLOCK18/SES182/SA182S12	SES275	-1.41778	16.6016	18.0194
BLOCK18/SES182/SA182S21	SES117	-2.38535	15.2688	17.6541
BLOCK18/SES182/SA182S21	SES144	-2.08396	15.5702	17.6541
BLOCK18/SES182/SA182S21	SES162	-0.260908	17.3932	17.6541
BLOCK18/SES182/SA182S21	SES180	-0.927238	16.7269	17.6541
BLOCK18/SES182/SA182S23	SES117	-2.70234	15.9142	18.6165
BLOCK18/SES182/SA182S23	SES144	-2.82693	15.7896	18.6165
BLOCK18/SES182/SA182S23	SES180	-0.312449	18.3041	18.6165
BLOCK18/SES182/SA182S23	SES275	-1.96704	16.6495	18.6165
BLOCK18/SES182/SA182S25	SES007	-0.340273	16.5533	16.8936
BLOCK18/SES182/SA182S25	SES162	-0.404203	16.4894	16.8936
BLOCK18/SES182/SA182S25	SES177	-0.560883	16.3327	16.8936
BLOCK18/SES182/SA182S25	SES180	-0.727745	16.1659	16.8936
BLOCK18/SES184/SA184S12	SES177	-1.25614	16.2965	17.5526
BLOCK18/SES184/SA184S12	SES180	-1.27962	16.273	17.5526
BLOCK18/SES184/SA184S12	SES189	-0.898455	16.6542	17.5526
BLOCK18/SES184/SA184S12	SES292	-1.07818	16.4744	17.5526
BLOCK18/SES184/SA184S13	SES101	-1.18743	16.2912	17.4786
BLOCK18/SES184/SA184S13	SES177	-1.1025	16.3761	17.4786
BLOCK18/SES184/SA184S13	SES180	-1.28207	16.1965	17.4786
BLOCK18/SES184/SA184S13	SES292	-1.71779	15.7608	17.4786
BLOCK18/SES184/SA184S22	SES177	-0.966471	17.7306	18.6971
BLOCK18/SES184/SA184S22	SES180	-1.37771	17.3194	18.6971
BLOCK18/SES184/SA184S22	SES189	-1.53819	17.1589	18.6971
BLOCK18/SES184/SA184S22	SES292	-1.52779	17.1693	18.6971
BLOCK18/SES184/SA184S25	SES101	-0.754898	17.9084	18.6633
BLOCK18/SES184/SA184S25	SES177	-0.795279	17.868	18.6633
BLOCK18/SES184/SA184S25	SES180	-1.30865	17.3546	18.6633
BLOCK18/SES184/SA184S25	SES292	-1.31878	17.3445	18.6633
BLOCK18/SES184/SA184S27	SES083	-1.20244	16.547	17.7494
BLOCK18/SES184/SA184S27	SES177	-0.588322	17.1611	17.7494
BLOCK18/SES184/SA184S27	SES202	-0.921488	16.8279	17.7494
BLOCK18/SES184/SA184S27	SES292	-1.4885	16.2609	17.7494
BLOCK20/SES204/SA204S12	SES062	-0.607721	19.1154	19.7231
BLOCK20/SES204/SA204S12	SES083	-1.56041	18.1627	19.7231
BLOCK20/SES204/SA204S12	SES206	-0.521852	19.2012	19.7231
BLOCK20/SES204/SA204S12	SES226	-2.08074	17.6424	19.7231
BLOCK20/SES204/SA204S14	SES068	-0.629194	20.8562	21.4854
BLOCK20/SES204/SA204S14	SES087	-1.80018	19.6852	21.4854
BLOCK20/SES204/SA204S14	SES206	-0.109625	21.3758	21.4854
BLOCK20/SES204/SA204S14	SES226	-1.68293	19.8025	21.4854
BLOCK20/SES204/SA204S22	SES068	-0.830294	18.9587	19.789
BLOCK20/SES204/SA204S22	SES082	-1.99955	17.7894	19.789
BLOCK20/SES204/SA204S22	SES083	-1.8264	17.9626	19.789
BLOCK20/SES204/SA204S22	SES206	-0.860792	18.9282	19.789
BLOCK20/SES204/SA204S25	SES062	-1.1329	18.6276	19.7605
BLOCK20/SES204/SA204S25	SES083	-1.34707	18.4135	19.7605
BLOCK20/SES204/SA204S25	SES206	-0.272831	19.4877	19.7605
BLOCK20/SES204/SA204S25	SES226	-2.04201	17.7185	19.7605
BLOCK20/SES204/SA204S27	SES068	-0.463537	19.5669	20.0304
BLOCK20/SES204/SA204S27	SES082	-1.61851	18.4119	20.0304
BLOCK20/SES204/SA204S27	SES087	-2.01715	18.0133	20.0304
BLOCK20/SES204/SA204S27	SES206	-0.0772705	19.9531	20.0304
BLOCK20/SES207/SA207S10	SES127	-1.81345	15.7247	17.5381
BLOCK20/SES207/SA207S10	SES183	-0.898378	16.6398	17.5381
BLOCK20/SES207/SA207S10	SES189	-0.91188	16.6262	17.5381
BLOCK20/SES207/SA207S10	SES292	-0.786982	16.7511	17.5381
BLOCK20/SES207/SA207S11	SES127	-2.61851	14.8764	17.4949
BLOCK20/SES207/SA207S11	SES183	-1.68092	15.814	17.4949
BLOCK20/SES207/SA207S11	SES187	-0.7132	16.7817	17.4949
BLOCK20/SES207/SA207S11	SES292	-0.404297	17.0906	17.4949
BLOCK20/SES207/SA207S25	SES068	-1.67305	15.144	16.817
BLOCK20/SES207/SA207S25	SES083	-1.60161	15.2154	16.817
BLOCK20/SES207/SA207S25	SES127	-1.83628	14.9807	16.817
BLOCK20/SES207/SA207S25	SES187	-0.641649	16.1754	16.817
BLOCK20/SES207/SA207S27	SES127	-2.46934	13.657	16.1263
BLOCK20/SES207/SA207S27	SES183	-0.345786	15.7805	16.1263
BLOCK20/SES207/SA207S27	SES187	-1.09154	15.0348	16.1263
BLOCK20/SES207/SA207S27	SES292	-1.08144	15.0449	16.1263
BLOCK20/SES207/SA207S29	SES083	-1.7379	15.5106	17.2485
BLOCK20/SES207/SA207S29	SES085	-1.27519	15.9733	17.2485
BLOCK20/SES207/SA207S29	SES172	-1.58534	15.6631	17.2485
BLOCK20/SES207/SA207S29	SES189	-1.31257	15.9359	17.2485
BLOCK22/SES221/SA221S12	SES068	-0.437878	19.5745	20.0124
BLOCK22/SES221/SA221S12	SES143	-2.93111	17.0812	20.0124
BLOCK22/SES221/SA221S12	SES175	-1.52991	18.4824	20.0124
BLOCK22/SES221/SA221S12	SES202	-0.778524	19.2338	20.0124
BLOCK22/SES221/SA221S15	SES085	-2.01806	16.5183	18.5364
BLOCK22/SES221/SA221S15	SES143	-3.15664	15.3798	18.5364
BLOCK22/SES221/SA221S15	SES175	-2.03757	16.4988	18.5364
BLOCK22/SES221/SA221S15	SES187	-1.02484	17.5116	18.5364
BLOCK22/SES221/SA221S23	SES068	-0.681215	17.6275	18.3087
BLOCK22/SES221/SA221S23	SES143	-2.3689	15.9398	18.3087
BLOCK22/SES221/SA221S23	SES175	-1.15003	17.1587	18.3087
BLOCK22/SES221/SA221S23	SES189	0.0234623	18.3322	18.3087
BLOCK22/SES221/SA221S27	SES085	-1.49666	17.6662	19.1629
BLOCK22/SES221/SA221S27	SES143	-2.6873	16.4756	19.1629
BLOCK22/SES221/SA221S27	SES175	-1.59579	17.5671	19.1629
BLOCK22/SES221/SA221S27	SES189	0.118973	19.2818	19.1629
BLOCK22/SES221/SA221S29	SES085	-2.01563	16.821	18.8366
BLOCK22/SES221/SA221S29	SES143	-2.6786	16.158	18.8366
BLOCK22/SES221/SA221S29	SES175	-1.37371	17.4629	18.8366
BLOCK22/SES221/SA221S29	SES187	-0.267296	18.5693	18.8366
BLOCK22/SES223/SA223S11	SES143	-1.41045	14.533	15.9434
BLOCK22/SES223/SA223S11	SES144	-2.76456	13.1788	15.9434
BLOCK22/SES223/SA223S11	SES175	-2.11019	13.8332	15.9434
BLOCK22/SES223/SA223S11	SES187	-1.52567	14.4177	15.9434
BLOCK22/SES223/SA223S13	SES068	-0.735212	17.1659	17.9011
BLOCK22/SES223/SA223S13	SES143	-2.52027	15.3809	17.9011
BLOCK22/SES223/SA223S13	SES146	-3.34452	14.5566	17.9011
BLOCK22/SES223/SA223S13	SES202	-1.51205	16.3891	17.9011
BLOCK22/SES223/SA223S22	SES143	-1.26567	14.948	16.2136
BLOCK22/SES223/SA223S22	SES144	-2.38387	13.8298	16.2136
BLOCK22/SES223/SA223S22	SES175	-1.51012	14.7035	16.2136
BLOCK22/SES223/SA223S22	SES187	-1.41243	14.8012	16.2136
BLOCK22/SES223/SA223S25	SES068	-0.929127	16.8618	17.7909
BLOCK22/SES223/SA223S25	SES143	-2.1674	15.6235	17.7909
BLOCK22/SES223/SA223S25	SES175	-2.07595	15.715	17.7909
BLOCK22/SES223/SA223S25	SES187	-1.22631	16.5646	17.7909
BLOCK22/SES223/SA223S27	SES143	-1.69535	15.511	17.2063
BLOCK22/SES223/SA223S27	SES146	-2.72816	14.4782	17.2063
BLOCK22/SES223/SA223S27	SES187	-1.15432	16.052	17.2063
BLOCK22/SES223/SA223S27	SES292	-1.07413	16.1322	17.2063
BLOCK27/SES273/SA273S12	SES099	-0.972897	18.8953	19.8682
BLOCK27/SES273/SA273S12	SES104	-0.364046	19.5042	19.8682
BLOCK27/SES273/SA273S12	SES125	-1.20514	18.6631	19.8682
BLOCK27/SES273/SA273S12	SES206	-1.36781	18.5004	19.8682
BLOCK27/SES273/SA273S13	SES099	-1.10802	19.0316	20.1396
BLOCK27/SES273/SA273S13	SES104	-0.770199	19.3694	20.1396
BLOCK27/SES273/SA273S13	SES206	-1.75504	18.3846	20.1396
BLOCK27/SES273/SA273S13	SES292	-1.42373	18.7159	20.1396
BLOCK27/SES273/SA273S21	SES099	-0.317215	19.2034	19.5207
BLOCK27/SES273/SA273S21	SES148	-3.34057	16.1801	19.5207
BLOCK27/SES273/SA273S21	SES149	-1.48021	18.0404	19.5207
BLOCK27/SES273/SA273S21	SES177	-1.16284	18.3578	19.5207
BLOCK27/SES273/SA273S25	SES104	-0.577003	19.2437	19.8207
BLOCK27/SES273/SA273S25	SES125	-0.553373	19.2673	19.8207
BLOCK27/SES273/SA273S25	SES158	-0.20388	19.6168	19.8207
BLOCK27/SES273/SA273S25	SES206	-1.61638	18.2043	19.8207
BLOCK27/SES273/SA273S27	SES099	-0.954912	17.9772	18.9321
BLOCK27/SES273/SA273S27	SES104	-0.82045	18.1116	18.9321
BLOCK27/SES273/SA273S27	SES149	-1.55372	17.3783	18.9321
BLOCK27/SES273/SA273S27	SES275	-2.31119	16.6209	18.9321
BLOCK27/SES274/SA274S10	SES105	-1.18406	18.0984	19.2825
BLOCK27/SES274/SA274S10	SES125	-1.82205	17.4604	19.2825
BLOCK27/SES274/SA274S10	SES129	-1.03749	18.245	19.2825
BLOCK27/SES274/SA274S10	SES158	-1.67584	17.6066	19.2825
BLOCK27/SES274/SA274S11	SES105	-0.706051	19.385	20.091
BLOCK27/SES274/SA274S11	SES149	-1.31083	18.7802	20.091
BLOCK27/SES274/SA274S11	SES158	-1.32092	18.7701	20.091
BLOCK27/SES274/SA274S11	SES275	-2.39358	17.6975	20.091
BLOCK27/SES274/SA274S21	SES105	-1.01469	18.1199	19.1346
BLOCK27/SES274/SA274S21	SES129	-0.526281	18.6083	19.1346
BLOCK27/SES274/SA274S21	SES149	-1.24778	17.8868	19.1346
BLOCK27/SES274/SA274S21	SES158	-2.20168	16.9329	19.1346
BLOCK27/SES274/SA274S24	SES105	-0.579813	19.5282	20.108
BLOCK27/SES274/SA274S24	SES129	-0.271095	19.8369	20.108
BLOCK27/SES274/SA274S24	SES149	-0.857491	19.2505	20.108
BLOCK27/SES274/SA274S24	SES158	-2.39068	17.7173	20.108
BLOCK27/SES274/SA274S29	SES105	-1.42065	16.6782	18.0988
BLOCK27/SES274/SA274S29	SES106	-2.45034	15.6485	18.0988
BLOCK27/SES274/SA274S29	SES120	-0.967993	17.1308	18.0988
BLOCK27/SES274/SA274S29	SES275	-1.91126	16.1875	18.0988
BLOCK27/SES276/SA276S16	SES148	-0.911215	16.1275	17.0387
BLOCK27/SES276/SA276S16	SES172	-1.9755	15.0632	17.0387
BLOCK27/SES276/SA276S16	SES180	-1.82846	15.2103	17.0387
BLOCK27/SES276/SA276S16	SES292	-0.386089	16.6526	17.0387
BLOCK27/SES276/SA276S17	SES101	-1.10095	16.9701	18.0711
BLOCK27/SES276/SA276S17	SES177	-0.866959	17.2041	18.0711
BLOCK27/SES276/SA276S17	SES180	-1.26938	16.8017	18.0711
BLOCK27/SES276/SA276S17	SES292	-1.16762	16.9035	18.0711
BLOCK27/SES276/SA276S24	SES101	-0.844156	17.4738	18.3179
BLOCK27/SES276/SA276S24	SES177	-0.58617	17.7317	18.3179
BLOCK27/SES276/SA276S24	SES180	-1.46893	16.849	18.3179
BLOCK27/SES276/SA276S24	SES292	-1.63347	16.6844	18.3179
BLOCK27/SES276/SA276S26	SES101	-1.62954	16.641	18.2706
BLOCK27/SES276/SA276S26	SES177	-0.142561	18.128	18.2706
BLOCK27/SES276/SA276S26	SES180	-0.620516	17.6501	18.2706
BLOCK27/SES276/SA276S26	SES292	-0.0855999	18.185	18.2706
BLOCK27/SES276/SA276S28	SES101	-1.19065	16.6648	17.8554
BLOCK27/SES276/SA276S28	SES177	-1.12069	16.7348	17.8554
BLOCK27/SES276/SA276S28	SES180	-1.10073	16.7547	17.8554
BLOCK27/SES276/SA276S28	SES292	-0.490255	17.3652	17.8554
BLOCK27/SES277/SA277S12	SES101	-0.947491	14.84	15.7874
BLOCK27/SES277/SA277S12	SES177	-1.08064	14.7068	15.7874
BLOCK27/SES277/SA277S12	SES180	-2.24748	13.54	15.7874
BLOCK27/SES277/SA277S12	SES292	-2.12061	13.6668	15.7874
BLOCK27/SES277/SA277S14	SES177	-0.609516	15.7895	16.399
BLOCK27/SES277/SA277S14	SES180	-1.64937	14.7496	16.399
BLOCK27/SES277/SA277S14	SES189	-0.467903	15.9311	16.399
BLOCK27/SES277/SA277S14	SES292	-1.46244	14.9366	16.399
BLOCK27/SES277/SA277S21	SES177	-0.556398	17.6244	18.1808
BLOCK27/SES277/SA277S21	SES180	-2.20951	15.9713	18.1808
BLOCK27/SES277/SA277S21	SES189	-0.49781	17.6829	18.1808
BLOCK27/SES277/SA277S21	SES292	-1.709	16.4718	18.1808
BLOCK27/SES277/SA277S24	SES144	-1.57263	14.8114	16.384
BLOCK27/SES277/SA277S24	SES177	-0.992092	15.3919	16.384
BLOCK27/SES277/SA277S24	SES180	-2.27851	14.1055	16.384
BLOCK27/SES277/SA277S24	SES189	-0.830907	15.5531	16.384
BLOCK27/SES277/SA277S29	SES177	-0.590345	17.3399	17.9302
BLOCK27/SES277/SA277S29	SES180	-1.39644	16.5338	17.9302
BLOCK27/SES277/SA277S29	SES202	-0.951101	16.9791	17.9302
BLOCK27/SES277/SA277S29	SES292	-1.51712	16.4131	17.9302
BLOCK27/SES279/SA279S09	SES120	-0.591791	17.9152	18.507
BLOCK27/SES279/SA279S09	SES146	-1.2949	17.2121	18.507
BLOCK27/SES279/SA279S09	SES206	-1.83528	16.6717	18.507
BLOCK27/SES279/SA279S09	SES226	-2.20615	16.3009	18.507
BLOCK27/SES279/SA279S10	SES099	-0.617842	18.4278	19.0456
BLOCK27/SES279/SA279S10	SES206	-1.74314	17.3025	19.0456
BLOCK27/SES279/SA279S10	SES226	-1.66081	17.3848	19.0456
BLOCK27/SES279/SA279S10	SES292	-1.15042	17.8952	19.0456
BLOCK27/SES279/SA279S20	SES099	-2.15714	16.3572	18.5143
BLOCK27/SES279/SA279S20	SES206	-1.06615	17.4481	18.5143
BLOCK27/SES279/SA279S20	SES226	-1.60767	16.9066	18.5143
BLOCK27/SES279/SA279S20	SES292	-0.713438	17.8009	18.5143
BLOCK27/SES279/SA279S26	SES099	-1.37615	17.8998	19.276
BLOCK27/SES279/SA279S26	SES206	-1.23787	18.0381	19.276
BLOCK27/SES279/SA279S26	SES226	-0.903566	18.3724	19.276
BLOCK27/SES279/SA279S26	SES292	-1.29167	17.9843	19.276
BLOCK27/SES279/SA279S28	SES099	-0.63275	19.257	19.8898
BLOCK27/SES279/SA279S28	SES120	-0.746134	19.1436	19.8898
BLOCK27/SES279/SA279S28	SES177	-1.16468	18.7251	19.8898
BLOCK27/SES279/SA279S28	SES206	-2.22711	17.6627	19.8898
BLOCK29/SES290/SA290S12	SES162	-0.657473	18.5788	19.2363
BLOCK29/SES290/SA290S12	SES177	-0.222153	19.0141	19.2363
BLOCK29/SES290/SA290S12	SES180	-1.08082	18.1555	19.2363
BLOCK29/SES290/SA290S12	SES292	-2.01571	17.2206	19.2363
BLOCK29/SES290/SA290S13	SES007	-0.691538	17.1529	17.8444
BLOCK29/SES290/SA290S13	SES162	-1.34547	16.499	17.8444
BLOCK29/SES290/SA290S13	SES177	-0.29974	17.5447	17.8444
BLOCK29/SES290/SA290S13	SES180	-0.551451	17.293	17.8444
BLOCK29/SES290/SA290S22	SES177	-0.472496	17.3868	17.8593
BLOCK29/SES290/SA290S22	SES180	-0.433258	17.4261	17.8593
BLOCK29/SES290/SA290S22	SES202	-0.981367	16.878	17.8593
BLOCK29/SES290/SA290S22	SES292	-1.42097	16.4384	17.8593
BLOCK29/SES290/SA290S25	SES162	-0.557676	19.2103	19.768
BLOCK29/SES290/SA290S25	SES177	-0.22831	19.5397	19.768
BLOCK29/SES290/SA290S25	SES180	-1.05703	18.7109	19.768
BLOCK29/SES290/SA290S25	SES292	-1.15055	18.6174	19.768
BLOCK29/SES290/SA290S29	SES177	-0.0728569	20.2374	20.3103
BLOCK29/SES290/SA290S29	SES180	-0.483484	19.8268	20.3103
BLOCK29/SES290/SA290S29	SES275	-2.71099	17.5993	20.3103
BLOCK29/SES290/SA290S29	SES292	-1.1731	19.1372	20.3103
BLOCK29/SES291/SA291S11	SES105	-2.6664	14.967	17.6334
BLOCK29/SES291/SA291S11	SES125	-1.15371	16.4797	17.6334
BLOCK29/SES291/SA291S11	SES158	-1.06286	16.5705	17.6334
BLOCK29/SES291/SA291S11	SES275	-2.72944	14.9039	17.6334
BLOCK29/SES291/SA291S12	SES158	-0.550238	18.4721	19.0224
BLOCK29/SES291/SA291S12	SES226	-0.888058	18.1343	19.0224
BLOCK29/SES291/SA291S12	SES270	-0.0825138	18.9399	19.0224
BLOCK29/SES291/SA291S12	SES275	-2.85928	16.1631	19.0224
BLOCK29/SES291/SA291S22	SES082	-0.630922	18.0978	18.7287
BLOCK29/SES291/SA291S22	SES158	-0.733299	17.9954	18.7287
BLOCK29/SES291/SA291S22	SES259	-1.19959	17.5291	18.7287
BLOCK29/SES291/SA291S22	SES275	-2.70826	16.0205	18.7287
BLOCK29/SES291/SA291S24	SES104	-0.376137	19.0018	19.3779
BLOCK29/SES291/SA291S24	SES125	-1.00839	18.3695	19.3779
BLOCK29/SES291/SA291S24	SES158	-0.644644	18.7333	19.3779
BLOCK29/SES291/SA291S24	SES275	-3.17445	16.2035	19.3779
BLOCK29/SES291/SA291S27	SES158	-0.160803	18.3195	18.4803
BLOCK29/SES291/SA291S27	SES172	-3.38675	15.0936	18.4803
BLOCK29/SES291/SA291S27	SES275	-3.47848	15.0018	18.4803
BLOCK29/SES291/SA291S27	SES292	-1.20269	17.2776	18.4803
